This is pdfTeX, Version 3.14159265-2.6-1.40.19 (TeX Live 2018) (preloaded format=pdflatex 2018.9.12)  1 JUL 2020 20:44
entering extended mode
 restricted \write18 enabled.
 %&-line parsing enabled.
**lec.tex
(./lec.tex
LaTeX2e <2018-04-01> patch level 2
Babel <3.18> and hyphenation patterns for 84 language(s) loaded.
(/usr/local/texlive/2018/texmf-dist/tex/latex/beamer/beamer.cls
Document Class: beamer 2018/02/20 v3.50 A class for typesetting presentations
(/usr/local/texlive/2018/texmf-dist/tex/latex/beamer/beamerbasemodes.sty
(/usr/local/texlive/2018/texmf-dist/tex/latex/etoolbox/etoolbox.sty
Package: etoolbox 2018/02/11 v2.5e e-TeX tools for LaTeX (JAW)
\etb@tempcnta=\count80
)
\beamer@tempbox=\box26
\beamer@tempcount=\count81
\c@beamerpauses=\count82

(/usr/local/texlive/2018/texmf-dist/tex/latex/beamer/beamerbasedecode.sty
\beamer@slideinframe=\count83
\beamer@minimum=\count84
)
\beamer@commentbox=\box27
\beamer@modecount=\count85
)
(/usr/local/texlive/2018/texmf-dist/tex/generic/oberdiek/ifpdf.sty
Package: ifpdf 2017/03/15 v3.2 Provides the ifpdf switch
)
\headdp=\dimen102
\footheight=\dimen103
\sidebarheight=\dimen104
\beamer@tempdim=\dimen105
\beamer@finalheight=\dimen106
\beamer@animht=\dimen107
\beamer@animdp=\dimen108
\beamer@animwd=\dimen109
\beamer@leftmargin=\dimen110
\beamer@rightmargin=\dimen111
\beamer@leftsidebar=\dimen112
\beamer@rightsidebar=\dimen113
\beamer@boxsize=\dimen114
\beamer@vboxoffset=\dimen115
\beamer@descdefault=\dimen116
\beamer@descriptionwidth=\dimen117
\beamer@lastskip=\skip41
\beamer@areabox=\box28
\beamer@animcurrent=\box29
\beamer@animshowbox=\box30
\beamer@sectionbox=\box31
\beamer@logobox=\box32
\beamer@linebox=\box33
\beamer@sectioncount=\count86
\beamer@subsubsectionmax=\count87
\beamer@subsectionmax=\count88
\beamer@sectionmax=\count89
\beamer@totalheads=\count90
\beamer@headcounter=\count91
\beamer@partstartpage=\count92
\beamer@sectionstartpage=\count93
\beamer@subsectionstartpage=\count94
\beamer@animationtempa=\count95
\beamer@animationtempb=\count96
\beamer@xpos=\count97
\beamer@ypos=\count98
\beamer@ypos@offset=\count99
\beamer@showpartnumber=\count100
\beamer@currentsubsection=\count101
\beamer@coveringdepth=\count102
\beamer@sectionadjust=\count103
\beamer@tocsectionnumber=\count104

(/usr/local/texlive/2018/texmf-dist/tex/latex/beamer/beamerbaseoptions.sty
(/usr/local/texlive/2018/texmf-dist/tex/latex/graphics/keyval.sty
Package: keyval 2014/10/28 v1.15 key=value parser (DPC)
\KV@toks@=\toks14
))
\beamer@paperwidth=\skip42
\beamer@paperheight=\skip43

(/usr/local/texlive/2018/texmf-dist/tex/latex/geometry/geometry.sty
Package: geometry 2018/03/24 v5.7 Page Geometry

(/usr/local/texlive/2018/texmf-dist/tex/generic/oberdiek/ifvtex.sty
Package: ifvtex 2016/05/16 v1.6 Detect VTeX and its facilities (HO)
Package ifvtex Info: VTeX not detected.
)
(/usr/local/texlive/2018/texmf-dist/tex/generic/ifxetex/ifxetex.sty
Package: ifxetex 2010/09/12 v0.6 Provides ifxetex conditional
)
\Gm@cnth=\count105
\Gm@cntv=\count106
\c@Gm@tempcnt=\count107
\Gm@bindingoffset=\dimen118
\Gm@wd@mp=\dimen119
\Gm@odd@mp=\dimen120
\Gm@even@mp=\dimen121
\Gm@layoutwidth=\dimen122
\Gm@layoutheight=\dimen123
\Gm@layouthoffset=\dimen124
\Gm@layoutvoffset=\dimen125
\Gm@dimlist=\toks15
)
(/usr/local/texlive/2018/texmf-dist/tex/latex/base/size11.clo
File: size11.clo 2014/09/29 v1.4h Standard LaTeX file (size option)
)
(/usr/local/texlive/2018/texmf-dist/tex/latex/pgf/basiclayer/pgfcore.sty
(/usr/local/texlive/2018/texmf-dist/tex/latex/graphics/graphicx.sty
Package: graphicx 2017/06/01 v1.1a Enhanced LaTeX Graphics (DPC,SPQR)

(/usr/local/texlive/2018/texmf-dist/tex/latex/graphics/graphics.sty
Package: graphics 2017/06/25 v1.2c Standard LaTeX Graphics (DPC,SPQR)

(/usr/local/texlive/2018/texmf-dist/tex/latex/graphics/trig.sty
Package: trig 2016/01/03 v1.10 sin cos tan (DPC)
)
(/usr/local/texlive/2018/texmf-dist/tex/latex/graphics-cfg/graphics.cfg
File: graphics.cfg 2016/06/04 v1.11 sample graphics configuration
)
Package graphics Info: Driver file: pdftex.def on input line 99.

(/usr/local/texlive/2018/texmf-dist/tex/latex/graphics-def/pdftex.def
File: pdftex.def 2018/01/08 v1.0l Graphics/color driver for pdftex
))
\Gin@req@height=\dimen126
\Gin@req@width=\dimen127
)
(/usr/local/texlive/2018/texmf-dist/tex/latex/pgf/systemlayer/pgfsys.sty
(/usr/local/texlive/2018/texmf-dist/tex/latex/pgf/utilities/pgfrcs.sty
(/usr/local/texlive/2018/texmf-dist/tex/generic/pgf/utilities/pgfutil-common.te
x
\pgfutil@everybye=\toks16
\pgfutil@tempdima=\dimen128
\pgfutil@tempdimb=\dimen129

(/usr/local/texlive/2018/texmf-dist/tex/generic/pgf/utilities/pgfutil-common-li
sts.tex))
(/usr/local/texlive/2018/texmf-dist/tex/generic/pgf/utilities/pgfutil-latex.def
\pgfutil@abb=\box34
(/usr/local/texlive/2018/texmf-dist/tex/latex/ms/everyshi.sty
Package: everyshi 2001/05/15 v3.00 EveryShipout Package (MS)
))
(/usr/local/texlive/2018/texmf-dist/tex/generic/pgf/utilities/pgfrcs.code.tex
Package: pgfrcs 2015/08/07 v3.0.1a (rcs-revision 1.31)
))
(/usr/local/texlive/2018/texmf-dist/tex/generic/pgf/systemlayer/pgfsys.code.tex
Package: pgfsys 2014/07/09 v3.0.1a (rcs-revision 1.48)
(/usr/local/texlive/2018/texmf-dist/tex/generic/pgf/utilities/pgfkeys.code.tex
\pgfkeys@pathtoks=\toks17
\pgfkeys@temptoks=\toks18

(/usr/local/texlive/2018/texmf-dist/tex/generic/pgf/utilities/pgfkeysfiltered.c
ode.tex
\pgfkeys@tmptoks=\toks19
))
\pgf@x=\dimen130
\pgf@y=\dimen131
\pgf@xa=\dimen132
\pgf@ya=\dimen133
\pgf@xb=\dimen134
\pgf@yb=\dimen135
\pgf@xc=\dimen136
\pgf@yc=\dimen137
\w@pgf@writea=\write3
\r@pgf@reada=\read1
\c@pgf@counta=\count108
\c@pgf@countb=\count109
\c@pgf@countc=\count110
\c@pgf@countd=\count111
\t@pgf@toka=\toks20
\t@pgf@tokb=\toks21
\t@pgf@tokc=\toks22

(/usr/local/texlive/2018/texmf-dist/tex/generic/pgf/systemlayer/pgf.cfg
File: pgf.cfg 2008/05/14  (rcs-revision 1.7)
)
Driver file for pgf: pgfsys-pdftex.def

(/usr/local/texlive/2018/texmf-dist/tex/generic/pgf/systemlayer/pgfsys-pdftex.d
ef
File: pgfsys-pdftex.def 2014/10/11  (rcs-revision 1.35)

(/usr/local/texlive/2018/texmf-dist/tex/generic/pgf/systemlayer/pgfsys-common-p
df.def
File: pgfsys-common-pdf.def 2013/10/10  (rcs-revision 1.13)
)))
(/usr/local/texlive/2018/texmf-dist/tex/generic/pgf/systemlayer/pgfsyssoftpath.
code.tex
File: pgfsyssoftpath.code.tex 2013/09/09  (rcs-revision 1.9)
\pgfsyssoftpath@smallbuffer@items=\count112
\pgfsyssoftpath@bigbuffer@items=\count113
)
(/usr/local/texlive/2018/texmf-dist/tex/generic/pgf/systemlayer/pgfsysprotocol.
code.tex
File: pgfsysprotocol.code.tex 2006/10/16  (rcs-revision 1.4)
)) (/usr/local/texlive/2018/texmf-dist/tex/latex/xcolor/xcolor.sty
Package: xcolor 2016/05/11 v2.12 LaTeX color extensions (UK)

(/usr/local/texlive/2018/texmf-dist/tex/latex/graphics-cfg/color.cfg
File: color.cfg 2016/01/02 v1.6 sample color configuration
)
Package xcolor Info: Driver file: pdftex.def on input line 225.
Package xcolor Info: Model `cmy' substituted by `cmy0' on input line 1348.
Package xcolor Info: Model `hsb' substituted by `rgb' on input line 1352.
Package xcolor Info: Model `RGB' extended on input line 1364.
Package xcolor Info: Model `HTML' substituted by `rgb' on input line 1366.
Package xcolor Info: Model `Hsb' substituted by `hsb' on input line 1367.
Package xcolor Info: Model `tHsb' substituted by `hsb' on input line 1368.
Package xcolor Info: Model `HSB' substituted by `hsb' on input line 1369.
Package xcolor Info: Model `Gray' substituted by `gray' on input line 1370.
Package xcolor Info: Model `wave' substituted by `hsb' on input line 1371.
)
(/usr/local/texlive/2018/texmf-dist/tex/generic/pgf/basiclayer/pgfcore.code.tex
Package: pgfcore 2010/04/11 v3.0.1a (rcs-revision 1.7)
(/usr/local/texlive/2018/texmf-dist/tex/generic/pgf/math/pgfmath.code.tex
(/usr/local/texlive/2018/texmf-dist/tex/generic/pgf/math/pgfmathcalc.code.tex
(/usr/local/texlive/2018/texmf-dist/tex/generic/pgf/math/pgfmathutil.code.tex)
(/usr/local/texlive/2018/texmf-dist/tex/generic/pgf/math/pgfmathparser.code.tex
\pgfmath@dimen=\dimen138
\pgfmath@count=\count114
\pgfmath@box=\box35
\pgfmath@toks=\toks23
\pgfmath@stack@operand=\toks24
\pgfmath@stack@operation=\toks25
)
(/usr/local/texlive/2018/texmf-dist/tex/generic/pgf/math/pgfmathfunctions.code.
tex
(/usr/local/texlive/2018/texmf-dist/tex/generic/pgf/math/pgfmathfunctions.basic
.code.tex)
(/usr/local/texlive/2018/texmf-dist/tex/generic/pgf/math/pgfmathfunctions.trigo
nometric.code.tex)
(/usr/local/texlive/2018/texmf-dist/tex/generic/pgf/math/pgfmathfunctions.rando
m.code.tex)
(/usr/local/texlive/2018/texmf-dist/tex/generic/pgf/math/pgfmathfunctions.compa
rison.code.tex)
(/usr/local/texlive/2018/texmf-dist/tex/generic/pgf/math/pgfmathfunctions.base.
code.tex)
(/usr/local/texlive/2018/texmf-dist/tex/generic/pgf/math/pgfmathfunctions.round
.code.tex)
(/usr/local/texlive/2018/texmf-dist/tex/generic/pgf/math/pgfmathfunctions.misc.
code.tex)
(/usr/local/texlive/2018/texmf-dist/tex/generic/pgf/math/pgfmathfunctions.integ
erarithmetics.code.tex)))
(/usr/local/texlive/2018/texmf-dist/tex/generic/pgf/math/pgfmathfloat.code.tex
\c@pgfmathroundto@lastzeros=\count115
))
(/usr/local/texlive/2018/texmf-dist/tex/generic/pgf/basiclayer/pgfcorepoints.co
de.tex
File: pgfcorepoints.code.tex 2013/10/07  (rcs-revision 1.27)
\pgf@picminx=\dimen139
\pgf@picmaxx=\dimen140
\pgf@picminy=\dimen141
\pgf@picmaxy=\dimen142
\pgf@pathminx=\dimen143
\pgf@pathmaxx=\dimen144
\pgf@pathminy=\dimen145
\pgf@pathmaxy=\dimen146
\pgf@xx=\dimen147
\pgf@xy=\dimen148
\pgf@yx=\dimen149
\pgf@yy=\dimen150
\pgf@zx=\dimen151
\pgf@zy=\dimen152
)
(/usr/local/texlive/2018/texmf-dist/tex/generic/pgf/basiclayer/pgfcorepathconst
ruct.code.tex
File: pgfcorepathconstruct.code.tex 2013/10/07  (rcs-revision 1.29)
\pgf@path@lastx=\dimen153
\pgf@path@lasty=\dimen154
)
(/usr/local/texlive/2018/texmf-dist/tex/generic/pgf/basiclayer/pgfcorepathusage
.code.tex
File: pgfcorepathusage.code.tex 2014/11/02  (rcs-revision 1.24)
\pgf@shorten@end@additional=\dimen155
\pgf@shorten@start@additional=\dimen156
)
(/usr/local/texlive/2018/texmf-dist/tex/generic/pgf/basiclayer/pgfcorescopes.co
de.tex
File: pgfcorescopes.code.tex 2015/05/08  (rcs-revision 1.46)
\pgfpic=\box36
\pgf@hbox=\box37
\pgf@layerbox@main=\box38
\pgf@picture@serial@count=\count116
)
(/usr/local/texlive/2018/texmf-dist/tex/generic/pgf/basiclayer/pgfcoregraphicst
ate.code.tex
File: pgfcoregraphicstate.code.tex 2014/11/02  (rcs-revision 1.12)
\pgflinewidth=\dimen157
)
(/usr/local/texlive/2018/texmf-dist/tex/generic/pgf/basiclayer/pgfcoretransform
ations.code.tex
File: pgfcoretransformations.code.tex 2015/08/07  (rcs-revision 1.20)
\pgf@pt@x=\dimen158
\pgf@pt@y=\dimen159
\pgf@pt@temp=\dimen160
)
(/usr/local/texlive/2018/texmf-dist/tex/generic/pgf/basiclayer/pgfcorequick.cod
e.tex
File: pgfcorequick.code.tex 2008/10/09  (rcs-revision 1.3)
)
(/usr/local/texlive/2018/texmf-dist/tex/generic/pgf/basiclayer/pgfcoreobjects.c
ode.tex
File: pgfcoreobjects.code.tex 2006/10/11  (rcs-revision 1.2)
)
(/usr/local/texlive/2018/texmf-dist/tex/generic/pgf/basiclayer/pgfcorepathproce
ssing.code.tex
File: pgfcorepathprocessing.code.tex 2013/09/09  (rcs-revision 1.9)
)
(/usr/local/texlive/2018/texmf-dist/tex/generic/pgf/basiclayer/pgfcorearrows.co
de.tex
File: pgfcorearrows.code.tex 2015/05/14  (rcs-revision 1.43)
\pgfarrowsep=\dimen161
)
(/usr/local/texlive/2018/texmf-dist/tex/generic/pgf/basiclayer/pgfcoreshade.cod
e.tex
File: pgfcoreshade.code.tex 2013/07/15  (rcs-revision 1.15)
\pgf@max=\dimen162
\pgf@sys@shading@range@num=\count117
)
(/usr/local/texlive/2018/texmf-dist/tex/generic/pgf/basiclayer/pgfcoreimage.cod
e.tex
File: pgfcoreimage.code.tex 2013/07/15  (rcs-revision 1.18)

(/usr/local/texlive/2018/texmf-dist/tex/generic/pgf/basiclayer/pgfcoreexternal.
code.tex
File: pgfcoreexternal.code.tex 2014/07/09  (rcs-revision 1.21)
\pgfexternal@startupbox=\box39
))
(/usr/local/texlive/2018/texmf-dist/tex/generic/pgf/basiclayer/pgfcorelayers.co
de.tex
File: pgfcorelayers.code.tex 2013/07/18  (rcs-revision 1.7)
)
(/usr/local/texlive/2018/texmf-dist/tex/generic/pgf/basiclayer/pgfcoretranspare
ncy.code.tex
File: pgfcoretransparency.code.tex 2013/09/30  (rcs-revision 1.5)
)
(/usr/local/texlive/2018/texmf-dist/tex/generic/pgf/basiclayer/pgfcorepatterns.
code.tex
File: pgfcorepatterns.code.tex 2013/11/07  (rcs-revision 1.5)
)))
(/usr/local/texlive/2018/texmf-dist/tex/latex/pgf/utilities/xxcolor.sty
Package: xxcolor 2003/10/24 ver 0.1
\XC@nummixins=\count118
\XC@countmixins=\count119
)
(/usr/local/texlive/2018/texmf-dist/tex/generic/oberdiek/atbegshi.sty
Package: atbegshi 2016/06/09 v1.18 At begin shipout hook (HO)

(/usr/local/texlive/2018/texmf-dist/tex/generic/oberdiek/infwarerr.sty
Package: infwarerr 2016/05/16 v1.4 Providing info/warning/error messages (HO)
)
(/usr/local/texlive/2018/texmf-dist/tex/generic/oberdiek/ltxcmds.sty
Package: ltxcmds 2016/05/16 v1.23 LaTeX kernel commands for general use (HO)
))
(/usr/local/texlive/2018/texmf-dist/tex/latex/hyperref/hyperref.sty
Package: hyperref 2018/02/06 v6.86b Hypertext links for LaTeX

(/usr/local/texlive/2018/texmf-dist/tex/generic/oberdiek/hobsub-hyperref.sty
Package: hobsub-hyperref 2016/05/16 v1.14 Bundle oberdiek, subset hyperref (HO)


(/usr/local/texlive/2018/texmf-dist/tex/generic/oberdiek/hobsub-generic.sty
Package: hobsub-generic 2016/05/16 v1.14 Bundle oberdiek, subset generic (HO)
Package: hobsub 2016/05/16 v1.14 Construct package bundles (HO)
Package hobsub Info: Skipping package `infwarerr' (already loaded).
Package hobsub Info: Skipping package `ltxcmds' (already loaded).
Package: ifluatex 2016/05/16 v1.4 Provides the ifluatex switch (HO)
Package ifluatex Info: LuaTeX not detected.
Package hobsub Info: Skipping package `ifvtex' (already loaded).
Package: intcalc 2016/05/16 v1.2 Expandable calculations with integers (HO)
Package hobsub Info: Skipping package `ifpdf' (already loaded).
Package: etexcmds 2016/05/16 v1.6 Avoid name clashes with e-TeX commands (HO)
Package etexcmds Info: Could not find \expanded.
(etexcmds)             That can mean that you are not using pdfTeX 1.50 or
(etexcmds)             that some package has redefined \expanded.
(etexcmds)             In the latter case, load this package earlier.
Package: kvsetkeys 2016/05/16 v1.17 Key value parser (HO)
Package: kvdefinekeys 2016/05/16 v1.4 Define keys (HO)
Package: pdftexcmds 2018/01/30 v0.27 Utility functions of pdfTeX for LuaTeX (HO
)
Package pdftexcmds Info: LuaTeX not detected.
Package pdftexcmds Info: \pdf@primitive is available.
Package pdftexcmds Info: \pdf@ifprimitive is available.
Package pdftexcmds Info: \pdfdraftmode found.
Package: pdfescape 2016/05/16 v1.14 Implements pdfTeX's escape features (HO)
Package: bigintcalc 2016/05/16 v1.4 Expandable calculations on big integers (HO
)
Package: bitset 2016/05/16 v1.2 Handle bit-vector datatype (HO)
Package: uniquecounter 2016/05/16 v1.3 Provide unlimited unique counter (HO)
)
Package hobsub Info: Skipping package `hobsub' (already loaded).
Package: letltxmacro 2016/05/16 v1.5 Let assignment for LaTeX macros (HO)
Package: hopatch 2016/05/16 v1.3 Wrapper for package hooks (HO)
Package: xcolor-patch 2016/05/16 xcolor patch
Package: atveryend 2016/05/16 v1.9 Hooks at the very end of document (HO)
Package hobsub Info: Skipping package `atbegshi' (already loaded).
Package: refcount 2016/05/16 v3.5 Data extraction from label references (HO)
Package: hycolor 2016/05/16 v1.8 Color options for hyperref/bookmark (HO)
)
(/usr/local/texlive/2018/texmf-dist/tex/latex/oberdiek/auxhook.sty
Package: auxhook 2016/05/16 v1.4 Hooks for auxiliary files (HO)
)
(/usr/local/texlive/2018/texmf-dist/tex/latex/oberdiek/kvoptions.sty
Package: kvoptions 2016/05/16 v3.12 Key value format for package options (HO)
)
\@linkdim=\dimen163
\Hy@linkcounter=\count120
\Hy@pagecounter=\count121

(/usr/local/texlive/2018/texmf-dist/tex/latex/hyperref/pd1enc.def
File: pd1enc.def 2018/02/06 v6.86b Hyperref: PDFDocEncoding definition (HO)
Now handling font encoding PD1 ...
... no UTF-8 mapping file for font encoding PD1
)
\Hy@SavedSpaceFactor=\count122

(/usr/local/texlive/2018/texmf-dist/tex/latex/latexconfig/hyperref.cfg
File: hyperref.cfg 2002/06/06 v1.2 hyperref configuration of TeXLive
)
Package hyperref Info: Option `bookmarks' set `true' on input line 4383.
Package hyperref Info: Option `bookmarksopen' set `true' on input line 4383.
Package hyperref Info: Option `implicit' set `false' on input line 4383.
Package hyperref Info: Hyper figures OFF on input line 4509.
Package hyperref Info: Link nesting OFF on input line 4514.
Package hyperref Info: Hyper index ON on input line 4517.
Package hyperref Info: Plain pages OFF on input line 4524.
Package hyperref Info: Backreferencing OFF on input line 4529.
Package hyperref Info: Implicit mode OFF; no redefinition of LaTeX internals.
Package hyperref Info: Bookmarks ON on input line 4762.
\c@Hy@tempcnt=\count123

(/usr/local/texlive/2018/texmf-dist/tex/latex/url/url.sty
\Urlmuskip=\muskip10
Package: url 2013/09/16  ver 3.4  Verb mode for urls, etc.
)
LaTeX Info: Redefining \url on input line 5115.
\XeTeXLinkMargin=\dimen164
\Fld@menulength=\count124
\Field@Width=\dimen165
\Fld@charsize=\dimen166
Package hyperref Info: Hyper figures OFF on input line 6369.
Package hyperref Info: Link nesting OFF on input line 6374.
Package hyperref Info: Hyper index ON on input line 6377.
Package hyperref Info: backreferencing OFF on input line 6384.
Package hyperref Info: Link coloring OFF on input line 6389.
Package hyperref Info: Link coloring with OCG OFF on input line 6394.
Package hyperref Info: PDF/A mode OFF on input line 6399.
LaTeX Info: Redefining \ref on input line 6439.
LaTeX Info: Redefining \pageref on input line 6443.
\Hy@abspage=\count125


Package hyperref Message: Stopped early.

)
Package hyperref Info: Driver (autodetected): hpdftex.
 (/usr/local/texlive/2018/texmf-dist/tex/latex/hyperref/hpdftex.def
File: hpdftex.def 2018/02/06 v6.86b Hyperref driver for pdfTeX
\Fld@listcount=\count126
\c@bookmark@seq@number=\count127

(/usr/local/texlive/2018/texmf-dist/tex/latex/oberdiek/rerunfilecheck.sty
Package: rerunfilecheck 2016/05/16 v1.8 Rerun checks for auxiliary files (HO)
Package uniquecounter Info: New unique counter `rerunfilecheck' on input line 2
82.
))
(/usr/local/texlive/2018/texmf-dist/tex/latex/beamer/beamerbaserequires.sty
(/usr/local/texlive/2018/texmf-dist/tex/latex/beamer/beamerbasecompatibility.st
y) (/usr/local/texlive/2018/texmf-dist/tex/latex/beamer/beamerbasefont.sty
(/usr/local/texlive/2018/texmf-dist/tex/latex/amsfonts/amssymb.sty
Package: amssymb 2013/01/14 v3.01 AMS font symbols

(/usr/local/texlive/2018/texmf-dist/tex/latex/amsfonts/amsfonts.sty
Package: amsfonts 2013/01/14 v3.01 Basic AMSFonts support
\@emptytoks=\toks26
\symAMSa=\mathgroup4
\symAMSb=\mathgroup5
LaTeX Font Info:    Overwriting math alphabet `\mathfrak' in version `bold'
(Font)                  U/euf/m/n --> U/euf/b/n on input line 106.
))
(/usr/local/texlive/2018/texmf-dist/tex/latex/sansmathaccent/sansmathaccent.sty
Package: sansmathaccent 2013/03/28
(/usr/local/texlive/2018/texmf-dist/tex/latex/filehook/filehook.sty
Package: filehook 2011/10/12 v0.5d Hooks for input files
)))
(/usr/local/texlive/2018/texmf-dist/tex/latex/beamer/beamerbasetranslator.sty
(/usr/local/texlive/2018/texmf-dist/tex/latex/translator/translator.sty
Package: translator 2018/01/04 v1.12 Easy translation of strings in LaTeX
))
(/usr/local/texlive/2018/texmf-dist/tex/latex/beamer/beamerbasemisc.sty)
(/usr/local/texlive/2018/texmf-dist/tex/latex/beamer/beamerbasetwoscreens.sty)
(/usr/local/texlive/2018/texmf-dist/tex/latex/beamer/beamerbaseoverlay.sty
\beamer@argscount=\count128
\beamer@lastskipcover=\skip44
\beamer@trivlistdepth=\count129
)
(/usr/local/texlive/2018/texmf-dist/tex/latex/beamer/beamerbasetitle.sty)
(/usr/local/texlive/2018/texmf-dist/tex/latex/beamer/beamerbasesection.sty
\c@lecture=\count130
\c@part=\count131
\c@section=\count132
\c@subsection=\count133
\c@subsubsection=\count134
)
(/usr/local/texlive/2018/texmf-dist/tex/latex/beamer/beamerbaseframe.sty
\beamer@framebox=\box40
\beamer@frametitlebox=\box41
\beamer@zoombox=\box42
\beamer@zoomcount=\count135
\beamer@zoomframecount=\count136
\beamer@frametextheight=\dimen167
\c@subsectionslide=\count137
\beamer@frametopskip=\skip45
\beamer@framebottomskip=\skip46
\beamer@frametopskipautobreak=\skip47
\beamer@framebottomskipautobreak=\skip48
\beamer@envbody=\toks27
\framewidth=\dimen168
\c@framenumber=\count138
)
(/usr/local/texlive/2018/texmf-dist/tex/latex/beamer/beamerbaseverbatim.sty
\beamer@verbatimfileout=\write4
)
(/usr/local/texlive/2018/texmf-dist/tex/latex/beamer/beamerbaseframesize.sty
\beamer@splitbox=\box43
\beamer@autobreakcount=\count139
\beamer@autobreaklastheight=\dimen169
\beamer@frametitletoks=\toks28
\beamer@framesubtitletoks=\toks29
)
(/usr/local/texlive/2018/texmf-dist/tex/latex/beamer/beamerbaseframecomponents.
sty
\beamer@footins=\box44
) (/usr/local/texlive/2018/texmf-dist/tex/latex/beamer/beamerbasecolor.sty
\beamer@bg@ht=\dimen170
\beamer@bg@wd=\dimen171
\beamer@bg@dp=\dimen172
)
(/usr/local/texlive/2018/texmf-dist/tex/latex/beamer/beamerbasenotes.sty
\beamer@frameboxcopy=\box45
)
(/usr/local/texlive/2018/texmf-dist/tex/latex/beamer/beamerbasetoc.sty)
(/usr/local/texlive/2018/texmf-dist/tex/latex/beamer/beamerbasetemplates.sty
\beamer@sbttoks=\toks30

(/usr/local/texlive/2018/texmf-dist/tex/latex/beamer/beamerbaseauxtemplates.sty
(/usr/local/texlive/2018/texmf-dist/tex/latex/beamer/beamerbaseboxes.sty
\bmb@box=\box46
\bmb@colorbox=\box47
\bmb@boxshadow=\box48
\bmb@boxshadowball=\box49
\bmb@boxshadowballlarge=\box50
\bmb@temp=\dimen173
\bmb@dima=\dimen174
\bmb@dimb=\dimen175
\bmb@prevheight=\dimen176
)
\beamer@blockheadheight=\dimen177
))
(/usr/local/texlive/2018/texmf-dist/tex/latex/beamer/beamerbaselocalstructure.s
ty (/usr/local/texlive/2018/texmf-dist/tex/latex/tools/enumerate.sty
Package: enumerate 2015/07/23 v3.00 enumerate extensions (DPC)
\@enLab=\toks31
)
\c@figure=\count140
\c@table=\count141
\abovecaptionskip=\skip49
\belowcaptionskip=\skip50
)
(/usr/local/texlive/2018/texmf-dist/tex/latex/beamer/beamerbasenavigation.sty
\beamer@section@min@dim=\dimen178
)
(/usr/local/texlive/2018/texmf-dist/tex/latex/beamer/beamerbasetheorems.sty
(/usr/local/texlive/2018/texmf-dist/tex/latex/amsmath/amsmath.sty
Package: amsmath 2017/09/02 v2.17a AMS math features
\@mathmargin=\skip51

For additional information on amsmath, use the `?' option.
(/usr/local/texlive/2018/texmf-dist/tex/latex/amsmath/amstext.sty
Package: amstext 2000/06/29 v2.01 AMS text

(/usr/local/texlive/2018/texmf-dist/tex/latex/amsmath/amsgen.sty
File: amsgen.sty 1999/11/30 v2.0 generic functions
\@emptytoks=\toks32
\ex@=\dimen179
))
(/usr/local/texlive/2018/texmf-dist/tex/latex/amsmath/amsbsy.sty
Package: amsbsy 1999/11/29 v1.2d Bold Symbols
\pmbraise@=\dimen180
)
(/usr/local/texlive/2018/texmf-dist/tex/latex/amsmath/amsopn.sty
Package: amsopn 2016/03/08 v2.02 operator names
)
\inf@bad=\count142
LaTeX Info: Redefining \frac on input line 213.
\uproot@=\count143
\leftroot@=\count144
LaTeX Info: Redefining \overline on input line 375.
\classnum@=\count145
\DOTSCASE@=\count146
LaTeX Info: Redefining \ldots on input line 472.
LaTeX Info: Redefining \dots on input line 475.
LaTeX Info: Redefining \cdots on input line 596.
\Mathstrutbox@=\box51
\strutbox@=\box52
\big@size=\dimen181
LaTeX Font Info:    Redeclaring font encoding OML on input line 712.
LaTeX Font Info:    Redeclaring font encoding OMS on input line 713.
\macc@depth=\count147
\c@MaxMatrixCols=\count148
\dotsspace@=\muskip11
\c@parentequation=\count149
\dspbrk@lvl=\count150
\tag@help=\toks33
\row@=\count151
\column@=\count152
\maxfields@=\count153
\andhelp@=\toks34
\eqnshift@=\dimen182
\alignsep@=\dimen183
\tagshift@=\dimen184
\tagwidth@=\dimen185
\totwidth@=\dimen186
\lineht@=\dimen187
\@envbody=\toks35
\multlinegap=\skip52
\multlinetaggap=\skip53
\mathdisplay@stack=\toks36
LaTeX Info: Redefining \[ on input line 2817.
LaTeX Info: Redefining \] on input line 2818.
)
(/usr/local/texlive/2018/texmf-dist/tex/latex/amscls/amsthm.sty
Package: amsthm 2017/10/31 v2.20.4
\thm@style=\toks37
\thm@bodyfont=\toks38
\thm@headfont=\toks39
\thm@notefont=\toks40
\thm@headpunct=\toks41
\thm@preskip=\skip54
\thm@postskip=\skip55
\thm@headsep=\skip56
\dth@everypar=\toks42
)
\c@theorem=\count154
)
(/usr/local/texlive/2018/texmf-dist/tex/latex/beamer/beamerbasethemes.sty))
(/usr/local/texlive/2018/texmf-dist/tex/latex/beamer/beamerthemedefault.sty
(/usr/local/texlive/2018/texmf-dist/tex/latex/beamer/beamerfontthemedefault.sty
)
(/usr/local/texlive/2018/texmf-dist/tex/latex/beamer/beamercolorthemedefault.st
y)
(/usr/local/texlive/2018/texmf-dist/tex/latex/beamer/beamerinnerthemedefault.st
y
\beamer@dima=\dimen188
\beamer@dimb=\dimen189
)
(/usr/local/texlive/2018/texmf-dist/tex/latex/beamer/beamerouterthemedefault.st
y))) (/usr/local/texlive/2018/texmf-dist/tex/latex/base/inputenc.sty
Package: inputenc 2018/04/06 v1.3b Input encoding file
\inpenc@prehook=\toks43
\inpenc@posthook=\toks44
)
(./purev.sty
(/usr/local/texlive/2018/texmf-dist/tex/latex/stackengine/stackengine.sty
Package: stackengine 2017/02/13 v4.01\ Stacking text and objects in convenient 
ways

(/usr/local/texlive/2018/texmf-dist/tex/generic/listofitems/listofitems.sty
(/usr/local/texlive/2018/texmf-dist/tex/generic/listofitems/listofitems.tex
\loi_nestcnt=\count155
)
Package: listofitems 2018/03/13 v1.53 Grab items in lists using user-specified 
sep char (CT)
)
(/usr/local/texlive/2018/texmf-dist/tex/latex/tools/calc.sty
Package: calc 2017/05/25 v4.3 Infix arithmetic (KKT,FJ)
\calc@Acount=\count156
\calc@Bcount=\count157
\calc@Adimen=\dimen190
\calc@Bdimen=\dimen191
\calc@Askip=\skip57
\calc@Bskip=\skip58
LaTeX Info: Redefining \setlength on input line 80.
LaTeX Info: Redefining \addtolength on input line 81.
\calc@Ccount=\count158
\calc@Cskip=\skip59
)
\c@@stackindex=\count159
\@boxshift=\skip60
\stack@tmplength=\skip61
\temp@stkl=\skip62
\@stackedboxwidth=\skip63
\@addedbox=\box53
\@anchorbox=\box54
\stackedbox=\box55
\@centerbox=\box56
\c@ROWcellindex@=\count160
)
(/usr/local/texlive/2018/texmf-dist/tex/latex/float/float.sty
Package: float 2001/11/08 v1.3d Float enhancements (AL)
\c@float@type=\count161
\float@exts=\toks45
\float@box=\box57
\@float@everytoks=\toks46
\@floatcapt=\box58
)
(/usr/local/texlive/2018/texmf-dist/tex/latex/tipa/tipa.sty
Package: tipa 2002/08/08 TIPA version 1.1

(/usr/local/texlive/2018/texmf-dist/tex/latex/base/fontenc.sty
Package: fontenc 2017/04/05 v2.0i Standard LaTeX package

(/usr/local/texlive/2018/texmf-dist/tex/latex/tipa/t3enc.def
File: t3enc.def 2001/12/31 T3 encoding
Now handling font encoding T3 ...
... no UTF-8 mapping file for font encoding T3
)
(/usr/local/texlive/2018/texmf-dist/tex/latex/base/ot1enc.def
File: ot1enc.def 2017/04/05 v2.0i Standard LaTeX file
LaTeX Font Info:    Redeclaring font encoding OT1 on input line 48.
)))
(/usr/local/texlive/2018/texmf-dist/tex/latex/pgf/frontendlayer/tikz.sty
(/usr/local/texlive/2018/texmf-dist/tex/latex/pgf/basiclayer/pgf.sty
Package: pgf 2015/08/07 v3.0.1a (rcs-revision 1.15)

(/usr/local/texlive/2018/texmf-dist/tex/generic/pgf/modules/pgfmoduleshapes.cod
e.tex
File: pgfmoduleshapes.code.tex 2014/03/21  (rcs-revision 1.35)
\pgfnodeparttextbox=\box59
)
(/usr/local/texlive/2018/texmf-dist/tex/generic/pgf/modules/pgfmoduleplot.code.
tex
File: pgfmoduleplot.code.tex 2015/08/03  (rcs-revision 1.13)
)
(/usr/local/texlive/2018/texmf-dist/tex/latex/pgf/compatibility/pgfcomp-version
-0-65.sty
Package: pgfcomp-version-0-65 2007/07/03 v3.0.1a (rcs-revision 1.7)
\pgf@nodesepstart=\dimen192
\pgf@nodesepend=\dimen193
)
(/usr/local/texlive/2018/texmf-dist/tex/latex/pgf/compatibility/pgfcomp-version
-1-18.sty
Package: pgfcomp-version-1-18 2007/07/23 v3.0.1a (rcs-revision 1.1)
))
(/usr/local/texlive/2018/texmf-dist/tex/latex/pgf/utilities/pgffor.sty
(/usr/local/texlive/2018/texmf-dist/tex/latex/pgf/utilities/pgfkeys.sty
(/usr/local/texlive/2018/texmf-dist/tex/generic/pgf/utilities/pgfkeys.code.tex)
) (/usr/local/texlive/2018/texmf-dist/tex/latex/pgf/math/pgfmath.sty
(/usr/local/texlive/2018/texmf-dist/tex/generic/pgf/math/pgfmath.code.tex))
(/usr/local/texlive/2018/texmf-dist/tex/generic/pgf/utilities/pgffor.code.tex
Package: pgffor 2013/12/13 v3.0.1a (rcs-revision 1.25)

(/usr/local/texlive/2018/texmf-dist/tex/generic/pgf/math/pgfmath.code.tex)
\pgffor@iter=\dimen194
\pgffor@skip=\dimen195
\pgffor@stack=\toks47
\pgffor@toks=\toks48
))
(/usr/local/texlive/2018/texmf-dist/tex/generic/pgf/frontendlayer/tikz/tikz.cod
e.tex
Package: tikz 2015/08/07 v3.0.1a (rcs-revision 1.151)

(/usr/local/texlive/2018/texmf-dist/tex/generic/pgf/libraries/pgflibraryplothan
dlers.code.tex
File: pgflibraryplothandlers.code.tex 2013/08/31 v3.0.1a (rcs-revision 1.20)
\pgf@plot@mark@count=\count162
\pgfplotmarksize=\dimen196
)
\tikz@lastx=\dimen197
\tikz@lasty=\dimen198
\tikz@lastxsaved=\dimen199
\tikz@lastysaved=\dimen256
\tikzleveldistance=\dimen257
\tikzsiblingdistance=\dimen258
\tikz@figbox=\box60
\tikz@figbox@bg=\box61
\tikz@tempbox=\box62
\tikz@tempbox@bg=\box63
\tikztreelevel=\count163
\tikznumberofchildren=\count164
\tikznumberofcurrentchild=\count165
\tikz@fig@count=\count166

(/usr/local/texlive/2018/texmf-dist/tex/generic/pgf/modules/pgfmodulematrix.cod
e.tex
File: pgfmodulematrix.code.tex 2013/09/17  (rcs-revision 1.8)
\pgfmatrixcurrentrow=\count167
\pgfmatrixcurrentcolumn=\count168
\pgf@matrix@numberofcolumns=\count169
)
\tikz@expandcount=\count170

(/usr/local/texlive/2018/texmf-dist/tex/generic/pgf/frontendlayer/tikz/librarie
s/tikzlibrarytopaths.code.tex
File: tikzlibrarytopaths.code.tex 2008/06/17 v3.0.1a (rcs-revision 1.2)
)))
(/usr/local/texlive/2018/texmf-dist/tex/latex/listings/listings.sty
\lst@mode=\count171
\lst@gtempboxa=\box64
\lst@token=\toks49
\lst@length=\count172
\lst@currlwidth=\dimen259
\lst@column=\count173
\lst@pos=\count174
\lst@lostspace=\dimen260
\lst@width=\dimen261
\lst@newlines=\count175
\lst@lineno=\count176
\lst@maxwidth=\dimen262

(/usr/local/texlive/2018/texmf-dist/tex/latex/listings/lstmisc.sty
File: lstmisc.sty 2015/06/04 1.6 (Carsten Heinz)
\c@lstnumber=\count177
\lst@skipnumbers=\count178
\lst@framebox=\box65
)
(/usr/local/texlive/2018/texmf-dist/tex/latex/listings/listings.cfg
File: listings.cfg 2015/06/04 1.6 listings configuration
))
Package: listings 2015/06/04 1.6 (Carsten Heinz)

(/usr/local/texlive/2018/texmf-dist/tex/latex/doublestroke/dsfont.sty
Package: dsfont 1995/08/01 v0.1 Double stroke roman fonts
)
(/usr/local/texlive/2018/texmf-dist/tex/latex/pgfplots/pgfplots.sty
(/usr/local/texlive/2018/texmf-dist/tex/generic/pgfplots/pgfplots.revision.tex)
Package: pgfplots 2018/03/28 v1.16 Data Visualization (1.16)
(/usr/local/texlive/2018/texmf-dist/tex/generic/pgfplots/pgfplots.code.tex
(/usr/local/texlive/2018/texmf-dist/tex/generic/pgfplots/pgfplotscore.code.tex
\t@pgfplots@toka=\toks50
\t@pgfplots@tokb=\toks51
\t@pgfplots@tokc=\toks52
\pgfplots@tmpa=\dimen263
\c@pgfplots@coordindex=\count179
\c@pgfplots@scanlineindex=\count180

(/usr/local/texlive/2018/texmf-dist/tex/generic/pgfplots/sys/pgfplotssysgeneric
.code.tex))
(/usr/local/texlive/2018/texmf-dist/tex/generic/pgfplots/libs/pgfplotslibrary.c
ode.tex)
(/usr/local/texlive/2018/texmf-dist/tex/generic/pgfplots/oldpgfcompatib/pgfplot
soldpgfsupp_loader.code.tex
(/usr/local/texlive/2018/texmf-dist/tex/generic/pgf/libraries/pgflibraryfpu.cod
e.tex)
Package pgfplots: loading complementary arithmetics for your pgf version...

(/usr/local/texlive/2018/texmf-dist/tex/generic/pgfplots/oldpgfcompatib/pgfplot
soldpgfsupp_pgflibraryfpu.code.tex)
(/usr/local/texlive/2018/texmf-dist/tex/generic/pgfplots/oldpgfcompatib/pgfplot
soldpgfsupp_pgfmathfloat.code.tex
\c@pgfmathroundto@lastzeros=\count181
)
(/usr/local/texlive/2018/texmf-dist/tex/generic/pgfplots/oldpgfcompatib/pgfplot
soldpgfsupp_leq.code.tex))
(/usr/local/texlive/2018/texmf-dist/tex/generic/pgfplots/util/pgfplotsutil.code
.tex
(/usr/local/texlive/2018/texmf-dist/tex/generic/pgfplots/liststructure/pgfplots
liststructure.code.tex)
(/usr/local/texlive/2018/texmf-dist/tex/generic/pgfplots/liststructure/pgfplots
liststructureext.code.tex)
(/usr/local/texlive/2018/texmf-dist/tex/generic/pgfplots/liststructure/pgfplots
array.code.tex
\c@pgfplotsarray@tmp=\count182
)
(/usr/local/texlive/2018/texmf-dist/tex/generic/pgfplots/liststructure/pgfplots
matrix.code.tex)
(/usr/local/texlive/2018/texmf-dist/tex/generic/pgfplots/numtable/pgfplotstable
shared.code.tex
\c@pgfplotstable@counta=\count183
\t@pgfplotstable@a=\toks53
)
(/usr/local/texlive/2018/texmf-dist/tex/generic/pgfplots/liststructure/pgfplots
deque.code.tex)
(/usr/local/texlive/2018/texmf-dist/tex/generic/pgfplots/util/pgfplotsbinary.co
de.tex
(/usr/local/texlive/2018/texmf-dist/tex/generic/pgfplots/util/pgfplotsbinary.da
ta.code.tex))
(/usr/local/texlive/2018/texmf-dist/tex/generic/pgfplots/util/pgfplotsutil.verb
.code.tex)
(/usr/local/texlive/2018/texmf-dist/tex/generic/pgfplots/libs/pgflibrarypgfplot
s.surfshading.code.tex
\c@pgfplotslibrarysurf@no=\count184

(/usr/local/texlive/2018/texmf-dist/tex/generic/pgfplots/sys/pgflibrarypgfplots
.surfshading.pgfsys-pdftex.def)))
(/usr/local/texlive/2018/texmf-dist/tex/generic/pgfplots/util/pgfplotscolormap.
code.tex
(/usr/local/texlive/2018/texmf-dist/tex/generic/pgfplots/util/pgfplotscolor.cod
e.tex))
(/usr/local/texlive/2018/texmf-dist/tex/generic/pgfplots/pgfplotsstackedplots.c
ode.tex)
(/usr/local/texlive/2018/texmf-dist/tex/generic/pgfplots/pgfplotsplothandlers.c
ode.tex
(/usr/local/texlive/2018/texmf-dist/tex/generic/pgfplots/pgfplotsmeshplothandle
r.code.tex
(/usr/local/texlive/2018/texmf-dist/tex/generic/pgfplots/pgfplotsmeshplotimage.
code.tex)))
(/usr/local/texlive/2018/texmf-dist/tex/generic/pgfplots/pgfplots.scaling.code.
tex)
(/usr/local/texlive/2018/texmf-dist/tex/generic/pgfplots/pgfplotscoordprocessin
g.code.tex)
(/usr/local/texlive/2018/texmf-dist/tex/generic/pgfplots/pgfplots.errorbars.cod
e.tex)
(/usr/local/texlive/2018/texmf-dist/tex/generic/pgfplots/pgfplots.markers.code.
tex)
(/usr/local/texlive/2018/texmf-dist/tex/generic/pgfplots/pgfplotsticks.code.tex
)
(/usr/local/texlive/2018/texmf-dist/tex/generic/pgfplots/pgfplots.paths.code.te
x)
(/usr/local/texlive/2018/texmf-dist/tex/generic/pgf/frontendlayer/tikz/librarie
s/tikzlibrarydecorations.code.tex
(/usr/local/texlive/2018/texmf-dist/tex/generic/pgf/modules/pgfmoduledecoration
s.code.tex
\pgfdecoratedcompleteddistance=\dimen264
\pgfdecoratedremainingdistance=\dimen265
\pgfdecoratedinputsegmentcompleteddistance=\dimen266
\pgfdecoratedinputsegmentremainingdistance=\dimen267
\pgf@decorate@distancetomove=\dimen268
\pgf@decorate@repeatstate=\count185
\pgfdecorationsegmentamplitude=\dimen269
\pgfdecorationsegmentlength=\dimen270
)
\tikz@lib@dec@box=\box66
)
(/usr/local/texlive/2018/texmf-dist/tex/generic/pgf/frontendlayer/tikz/librarie
s/tikzlibrarydecorations.pathmorphing.code.tex
(/usr/local/texlive/2018/texmf-dist/tex/generic/pgf/libraries/decorations/pgfli
brarydecorations.pathmorphing.code.tex))
(/usr/local/texlive/2018/texmf-dist/tex/generic/pgf/frontendlayer/tikz/librarie
s/tikzlibrarydecorations.pathreplacing.code.tex
(/usr/local/texlive/2018/texmf-dist/tex/generic/pgf/libraries/decorations/pgfli
brarydecorations.pathreplacing.code.tex))
\pgfplots@numplots=\count186
\pgfplots@xmin@reg=\dimen271
\pgfplots@xmax@reg=\dimen272
\pgfplots@ymin@reg=\dimen273
\pgfplots@ymax@reg=\dimen274
\pgfplots@zmin@reg=\dimen275
\pgfplots@zmax@reg=\dimen276
)
(/usr/local/texlive/2018/texmf-dist/tex/generic/pgf/frontendlayer/tikz/librarie
s/tikzlibraryplotmarks.code.tex
File: tikzlibraryplotmarks.code.tex 2008/01/09 v3.0.1a (rcs-revision 1.1)

(/usr/local/texlive/2018/texmf-dist/tex/generic/pgf/libraries/pgflibraryplotmar
ks.code.tex
File: pgflibraryplotmarks.code.tex 2015/08/03 v3.0.1a (rcs-revision 1.14)
)))
(/usr/local/texlive/2018/texmf-dist/tex/latex/jknapltx/mathrsfs.sty
Package: mathrsfs 1996/01/01 Math RSFS package v1.0 (jk)
\symrsfs=\mathgroup6
)
(/usr/local/texlive/2018/texmf-dist/tex/generic/pgf/frontendlayer/tikz/librarie
s/tikzlibraryarrows.code.tex
File: tikzlibraryarrows.code.tex 2008/01/09 v3.0.1a (rcs-revision 1.1)

(/usr/local/texlive/2018/texmf-dist/tex/generic/pgf/libraries/pgflibraryarrows.
code.tex
File: pgflibraryarrows.code.tex 2013/09/23 v3.0.1a (rcs-revision 1.16)
\arrowsize=\dimen277
)) (/usr/local/texlive/2018/texmf-dist/tex/latex/xkeyval/xkeyval.sty
Package: xkeyval 2014/12/03 v2.7a package option processing (HA)

(/usr/local/texlive/2018/texmf-dist/tex/generic/xkeyval/xkeyval.tex
(/usr/local/texlive/2018/texmf-dist/tex/generic/xkeyval/xkvutils.tex
\XKV@toks=\toks54
\XKV@tempa@toks=\toks55
)
\XKV@depth=\count187
File: xkeyval.tex 2014/12/03 v2.7a key=value parser (HA)
))
\boiboite=\box67
\c@test=\count188
)
(/usr/local/texlive/2018/texmf-dist/tex/latex/beamer/beamerthemeWarsaw.sty
(/usr/local/texlive/2018/texmf-dist/tex/latex/beamer/beamerinnerthemerounded.st
y)
(/usr/local/texlive/2018/texmf-dist/tex/latex/beamer/beamerouterthemeshadow.sty
(/usr/local/texlive/2018/texmf-dist/tex/latex/beamer/beamerouterthemesplit.sty)
)
(/usr/local/texlive/2018/texmf-dist/tex/latex/beamer/beamercolorthemeorchid.sty
)
(/usr/local/texlive/2018/texmf-dist/tex/latex/beamer/beamercolorthemewhale.sty)
) (./lec.aux)
\openout1 = `lec.aux'.

LaTeX Font Info:    Checking defaults for OML/cmm/m/it on input line 12.
LaTeX Font Info:    ... okay on input line 12.
LaTeX Font Info:    Checking defaults for T1/cmr/m/n on input line 12.
LaTeX Font Info:    ... okay on input line 12.
LaTeX Font Info:    Checking defaults for OT1/cmr/m/n on input line 12.
LaTeX Font Info:    ... okay on input line 12.
LaTeX Font Info:    Checking defaults for OMS/cmsy/m/n on input line 12.
LaTeX Font Info:    ... okay on input line 12.
LaTeX Font Info:    Checking defaults for OMX/cmex/m/n on input line 12.
LaTeX Font Info:    ... okay on input line 12.
LaTeX Font Info:    Checking defaults for U/cmr/m/n on input line 12.
LaTeX Font Info:    ... okay on input line 12.
LaTeX Font Info:    Checking defaults for PD1/pdf/m/n on input line 12.
LaTeX Font Info:    ... okay on input line 12.
LaTeX Font Info:    Checking defaults for T3/cmr/m/n on input line 12.
LaTeX Font Info:    Try loading font information for T3+cmr on input line 12.
 (/usr/local/texlive/2018/texmf-dist/tex/latex/tipa/t3cmr.fd
File: t3cmr.fd 2001/12/31 TIPA font definitions
)
LaTeX Font Info:    ... okay on input line 12.

*geometry* driver: auto-detecting
*geometry* detected driver: pdftex
*geometry* verbose mode - [ preamble ] result:
* driver: pdftex
* paper: custom
* layout: <same size as paper>
* layoutoffset:(h,v)=(0.0pt,0.0pt)
* modes: includehead includefoot 
* h-part:(L,W,R)=(28.45274pt, 307.28987pt, 28.45274pt)
* v-part:(T,H,B)=(0.0pt, 273.14662pt, 0.0pt)
* \paperwidth=364.19536pt
* \paperheight=273.14662pt
* \textwidth=307.28987pt
* \textheight=244.6939pt
* \oddsidemargin=-43.81725pt
* \evensidemargin=-43.81725pt
* \topmargin=-72.26999pt
* \headheight=14.22636pt
* \headsep=0.0pt
* \topskip=11.0pt
* \footskip=14.22636pt
* \marginparwidth=4.0pt
* \marginparsep=10.0pt
* \columnsep=10.0pt
* \skip\footins=10.0pt plus 4.0pt minus 2.0pt
* \hoffset=0.0pt
* \voffset=0.0pt
* \mag=1000
* \@twocolumnfalse
* \@twosidefalse
* \@mparswitchfalse
* \@reversemarginfalse
* (1in=72.27pt=25.4mm, 1cm=28.453pt)

(/usr/local/texlive/2018/texmf-dist/tex/context/base/mkii/supp-pdf.mkii
[Loading MPS to PDF converter (version 2006.09.02).]
\scratchcounter=\count189
\scratchdimen=\dimen278
\scratchbox=\box68
\nofMPsegments=\count190
\nofMParguments=\count191
\everyMPshowfont=\toks56
\MPscratchCnt=\count192
\MPscratchDim=\dimen279
\MPnumerator=\count193
\makeMPintoPDFobject=\count194
\everyMPtoPDFconversion=\toks57
) (/usr/local/texlive/2018/texmf-dist/tex/latex/oberdiek/epstopdf-base.sty
Package: epstopdf-base 2016/05/15 v2.6 Base part for package epstopdf

(/usr/local/texlive/2018/texmf-dist/tex/latex/oberdiek/grfext.sty
Package: grfext 2016/05/16 v1.2 Manage graphics extensions (HO)
)
Package epstopdf-base Info: Redefining graphics rule for `.eps' on input line 4
38.
Package grfext Info: Graphics extension search list:
(grfext)             [.pdf,.png,.jpg,.mps,.jpeg,.jbig2,.jb2,.PDF,.PNG,.JPG,.JPE
G,.JBIG2,.JB2,.eps]
(grfext)             \AppendGraphicsExtensions on input line 456.

(/usr/local/texlive/2018/texmf-dist/tex/latex/latexconfig/epstopdf-sys.cfg
File: epstopdf-sys.cfg 2010/07/13 v1.3 Configuration of (r)epstopdf for TeX Liv
e
))
ABD: EveryShipout initializing macros
\AtBeginShipoutBox=\box69
Package hyperref Info: Link coloring OFF on input line 12.

(/usr/local/texlive/2018/texmf-dist/tex/latex/hyperref/nameref.sty
Package: nameref 2016/05/21 v2.44 Cross-referencing by name of section

(/usr/local/texlive/2018/texmf-dist/tex/generic/oberdiek/gettitlestring.sty
Package: gettitlestring 2016/05/16 v1.5 Cleanup title references (HO)
)
\c@section@level=\count195
)
LaTeX Info: Redefining \ref on input line 12.
LaTeX Info: Redefining \pageref on input line 12.
LaTeX Info: Redefining \nameref on input line 12.

(./lec.out) (./lec.out)
\@outlinefile=\write5
\openout5 = `lec.out'.

LaTeX Font Info:    Overwriting symbol font `operators' in version `normal'
(Font)                  OT1/cmr/m/n --> OT1/cmss/m/n on input line 12.
LaTeX Font Info:    Overwriting symbol font `operators' in version `bold'
(Font)                  OT1/cmr/bx/n --> OT1/cmss/bx/n on input line 12.
\symnumbers=\mathgroup7
\sympureletters=\mathgroup8
LaTeX Font Info:    Overwriting math alphabet `\mathrm' in version `normal'
(Font)                  OT1/cmss/m/n --> OT1/cmr/m/n on input line 12.
LaTeX Font Info:    Redeclaring math alphabet \mathbf on input line 12.
LaTeX Font Info:    Overwriting math alphabet `\mathbf' in version `normal'
(Font)                  OT1/cmr/bx/n --> OT1/cmss/bx/n on input line 12.
LaTeX Font Info:    Overwriting math alphabet `\mathbf' in version `bold'
(Font)                  OT1/cmr/bx/n --> OT1/cmss/bx/n on input line 12.
LaTeX Font Info:    Redeclaring math alphabet \mathsf on input line 12.
LaTeX Font Info:    Overwriting math alphabet `\mathsf' in version `normal'
(Font)                  OT1/cmss/m/n --> OT1/cmss/m/n on input line 12.
LaTeX Font Info:    Overwriting math alphabet `\mathsf' in version `bold'
(Font)                  OT1/cmss/bx/n --> OT1/cmss/m/n on input line 12.
LaTeX Font Info:    Redeclaring math alphabet \mathit on input line 12.
LaTeX Font Info:    Overwriting math alphabet `\mathit' in version `normal'
(Font)                  OT1/cmr/m/it --> OT1/cmss/m/it on input line 12.
LaTeX Font Info:    Overwriting math alphabet `\mathit' in version `bold'
(Font)                  OT1/cmr/bx/it --> OT1/cmss/m/it on input line 12.
LaTeX Font Info:    Redeclaring math alphabet \mathtt on input line 12.
LaTeX Font Info:    Overwriting math alphabet `\mathtt' in version `normal'
(Font)                  OT1/cmtt/m/n --> OT1/cmtt/m/n on input line 12.
LaTeX Font Info:    Overwriting math alphabet `\mathtt' in version `bold'
(Font)                  OT1/cmtt/m/n --> OT1/cmtt/m/n on input line 12.
LaTeX Font Info:    Overwriting symbol font `numbers' in version `bold'
(Font)                  OT1/cmss/m/n --> OT1/cmss/bx/n on input line 12.
LaTeX Font Info:    Overwriting symbol font `pureletters' in version `bold'
(Font)                  OT1/cmss/m/it --> OT1/cmss/bx/it on input line 12.
LaTeX Font Info:    Overwriting math alphabet `\mathrm' in version `bold'
(Font)                  OT1/cmss/bx/n --> OT1/cmr/bx/n on input line 12.
LaTeX Font Info:    Overwriting math alphabet `\mathbf' in version `bold'
(Font)                  OT1/cmss/bx/n --> OT1/cmss/bx/n on input line 12.
LaTeX Font Info:    Overwriting math alphabet `\mathsf' in version `bold'
(Font)                  OT1/cmss/m/n --> OT1/cmss/bx/n on input line 12.
LaTeX Font Info:    Overwriting math alphabet `\mathit' in version `bold'
(Font)                  OT1/cmss/m/it --> OT1/cmss/bx/it on input line 12.
LaTeX Font Info:    Overwriting math alphabet `\mathtt' in version `bold'
(Font)                  OT1/cmtt/m/n --> OT1/cmtt/bx/n on input line 12.
LaTeX Font Info:    Redeclaring symbol font `pureletters' on input line 12.
LaTeX Font Info:    Overwriting symbol font `pureletters' in version `normal'
(Font)                  OT1/cmss/m/it --> OT1/mathkerncmss/m/sl on input line 1
2.
LaTeX Font Info:    Overwriting symbol font `pureletters' in version `bold'
(Font)                  OT1/cmss/bx/it --> OT1/mathkerncmss/m/sl on input line 
12.
LaTeX Font Info:    Overwriting symbol font `pureletters' in version `bold'
(Font)                  OT1/mathkerncmss/m/sl --> OT1/mathkerncmss/bx/sl on inp
ut line 12.

(/usr/local/texlive/2018/texmf-dist/tex/latex/translator/translator-basic-dicti
onary-English.dict
Dictionary: translator-basic-dictionary, Language: English 
)
(/usr/local/texlive/2018/texmf-dist/tex/latex/translator/translator-bibliograph
y-dictionary-English.dict
Dictionary: translator-bibliography-dictionary, Language: English 
)
(/usr/local/texlive/2018/texmf-dist/tex/latex/translator/translator-environment
-dictionary-English.dict
Dictionary: translator-environment-dictionary, Language: English 
)
(/usr/local/texlive/2018/texmf-dist/tex/latex/translator/translator-months-dict
ionary-English.dict
Dictionary: translator-months-dictionary, Language: English 
)
(/usr/local/texlive/2018/texmf-dist/tex/latex/translator/translator-numbers-dic
tionary-English.dict
Dictionary: translator-numbers-dictionary, Language: English 
)
(/usr/local/texlive/2018/texmf-dist/tex/latex/translator/translator-theorem-dic
tionary-English.dict
Dictionary: translator-theorem-dictionary, Language: English 
)
\c@lstlisting=\count196

Package pgfplots notification 'compat/show suggested version=true': you might b
enefit from \pgfplotsset{compat=1.16} (current compat level: 1.15).

(./lec.nav) [1

{/usr/local/texlive/2018/texmf-var/fonts/map/pdftex/updmap/pdftex.map}] [2]
LaTeX Font Info:    Try loading font information for U+msa on input line 34.
 (/usr/local/texlive/2018/texmf-dist/tex/latex/amsfonts/umsa.fd
File: umsa.fd 2013/01/14 v3.01 AMS symbols A
)
LaTeX Font Info:    Try loading font information for U+msb on input line 34.

(/usr/local/texlive/2018/texmf-dist/tex/latex/amsfonts/umsb.fd
File: umsb.fd 2013/01/14 v3.01 AMS symbols B
)
LaTeX Font Info:    Try loading font information for U+rsfs on input line 34.

(/usr/local/texlive/2018/texmf-dist/tex/latex/jknapltx/ursfs.fd
File: ursfs.fd 1998/03/24 rsfs font definition file (jk)
)
LaTeX Font Info:    Try loading font information for OT1+mathkerncmss on input 
line 34.

(/usr/local/texlive/2018/texmf-dist/tex/latex/sansmathaccent/ot1mathkerncmss.fd
File: ot1mathkerncmss.fd 2013/03/27 Fontinst v1.933 font definitions for OT1/ma
thkerncmss.
) [3

] [4

]
<tangent1.png, id=137, 481.8pt x 510.90875pt>
File: tangent1.png Graphic file (type png)
<use tangent1.png>
Package pdftex.def Info: tangent1.png  used on input line 67.
(pdftex.def)             Requested size: 144.5411pt x 153.2738pt.
 [5

 <./tangent1.png>]
<tangent2.png, id=168, 484.81125pt x 505.89pt>
File: tangent2.png Graphic file (type png)
<use tangent2.png>
Package pdftex.def Info: tangent2.png  used on input line 77.
(pdftex.def)             Requested size: 145.44449pt x 151.76816pt.
 [6

 <./tangent2.png>]
File: tangent2.png Graphic file (type png)
<use tangent2.png>
Package pdftex.def Info: tangent2.png  used on input line 86.
(pdftex.def)             Requested size: 145.44449pt x 151.76816pt.
 [7

]
File: tangent2.png Graphic file (type png)
<use tangent2.png>
Package pdftex.def Info: tangent2.png  used on input line 97.
(pdftex.def)             Requested size: 145.44449pt x 151.76816pt.
 [8

]
File: tangent2.png Graphic file (type png)
<use tangent2.png>
Package pdftex.def Info: tangent2.png  used on input line 105.
(pdftex.def)             Requested size: 145.44449pt x 151.76816pt.
 [9

]
<tangent3.png, id=277, 468.75125pt x 537.00626pt>
File: tangent3.png Graphic file (type png)
<use tangent3.png>
Package pdftex.def Info: tangent3.png  used on input line 116.
(pdftex.def)             Requested size: 140.62645pt x 161.10312pt.
 [10

 <./tangent3.png>]
<tangent4.png, id=306, 513.92pt x 591.20876pt>
File: tangent4.png Graphic file (type png)
<use tangent4.png>
Package pdftex.def Info: tangent4.png  used on input line 124.
(pdftex.def)             Requested size: 154.17719pt x 177.36398pt.

Overfull \hbox (0.53226pt too wide) in paragraph at lines 124--124
[][]  
 []

[11

 <./tangent4.png>]
File: tangent4.png Graphic file (type png)
<use tangent4.png>
Package pdftex.def Info: tangent4.png  used on input line 134.
(pdftex.def)             Requested size: 154.17719pt x 177.36398pt.

Overfull \hbox (0.53226pt too wide) in paragraph at lines 134--134
[][]  
 []

[12

]
<tangent5.png, id=362, 525.965pt x 606.265pt>
File: tangent5.png Graphic file (type png)
<use tangent5.png>
Package pdftex.def Info: tangent5.png  used on input line 144.
(pdftex.def)             Requested size: 157.79071pt x 181.8809pt.

Overfull \hbox (4.14578pt too wide) in paragraph at lines 144--144
[][]  
 []

[13

 <./tangent5.png>]
File: tangent5.png Graphic file (type png)
<use tangent5.png>
Package pdftex.def Info: tangent5.png  used on input line 153.
(pdftex.def)             Requested size: 210.38226pt x 242.5017pt.

Overfull \hbox (56.73734pt too wide) in paragraph at lines 153--153
[][]  
 []


Overfull \vbox (8.95929pt too high) detected at line 153
 []

[14

]
<incenter1.png, id=417, 495.8525pt x 608.2725pt>
File: incenter1.png Graphic file (type png)
<use incenter1.png>
Package pdftex.def Info: incenter1.png  used on input line 166.
(pdftex.def)             Requested size: 198.33748pt x 243.30469pt.

Overfull \hbox (44.69255pt too wide) in paragraph at lines 166--166
[][]  
 []


Overfull \vbox (9.76228pt too high) detected at line 166
 []

[15

 <./incenter1.png>]
File: incenter1.png Graphic file (type png)
<use incenter1.png>
Package pdftex.def Info: incenter1.png  used on input line 177.
(pdftex.def)             Requested size: 198.33748pt x 243.30469pt.

Overfull \hbox (44.69255pt too wide) in paragraph at lines 177--177
[][]  
 []


Overfull \vbox (9.76228pt too high) detected at line 177
 []

[16

]
File: incenter1.png Graphic file (type png)
<use incenter1.png>
Package pdftex.def Info: incenter1.png  used on input line 189.
(pdftex.def)             Requested size: 198.33748pt x 243.30469pt.

Overfull \hbox (44.69255pt too wide) in paragraph at lines 189--189
[][]  
 []


Overfull \vbox (9.76228pt too high) detected at line 189
 []

[17

]
File: incenter1.png Graphic file (type png)
<use incenter1.png>
Package pdftex.def Info: incenter1.png  used on input line 201.
(pdftex.def)             Requested size: 198.33748pt x 243.30469pt.

Overfull \hbox (44.69255pt too wide) in paragraph at lines 201--201
[][]  
 []


Overfull \vbox (9.76228pt too high) detected at line 201
 []

[18

]
File: incenter1.png Graphic file (type png)
<use incenter1.png>
Package pdftex.def Info: incenter1.png  used on input line 212.
(pdftex.def)             Requested size: 198.33748pt x 243.30469pt.

Overfull \hbox (44.69255pt too wide) in paragraph at lines 212--212
[][]  
 []


Overfull \vbox (9.76228pt too high) detected at line 212
 []

[19

]
<excircle1.png, id=552, 557.08125pt x 601.24625pt>
File: excircle1.png Graphic file (type png)
<use excircle1.png>
Package pdftex.def Info: excircle1.png  used on input line 225.
(pdftex.def)             Requested size: 222.82855pt x 240.49423pt.

Overfull \hbox (69.18362pt too wide) in paragraph at lines 225--225
[][]  
 []


Overfull \vbox (6.95183pt too high) detected at line 225
 []

[20

 <./excircle1.png>]
<concur1.png, id=581, 471.7625pt x 482.80376pt>
File: concur1.png Graphic file (type png)
<use concur1.png>
Package pdftex.def Info: concur1.png  used on input line 234.
(pdftex.def)             Requested size: 188.70164pt x 193.11807pt.

Overfull \hbox (4.32585pt too wide) in paragraph at lines 234--234
[][]  
 []

[21

 <./concur1.png>]
<concur2.png, id=609, 497.86pt x 438.63875pt>
File: concur2.png Graphic file (type png)
<use concur2.png>
Package pdftex.def Info: concur2.png  used on input line 246.
(pdftex.def)             Requested size: 199.14047pt x 175.45238pt.

Overfull \hbox (14.76468pt too wide) in paragraph at lines 246--246
[][]  
 []

[22

 <./concur2.png>]
File: concur2.png Graphic file (type png)
<use concur2.png>
Package pdftex.def Info: concur2.png  used on input line 254.
(pdftex.def)             Requested size: 199.14047pt x 175.45238pt.

Overfull \hbox (14.76468pt too wide) in paragraph at lines 254--254
[][]  
 []

[23

]
File: concur2.png Graphic file (type png)
<use concur2.png>
Package pdftex.def Info: concur2.png  used on input line 267.
(pdftex.def)             Requested size: 199.14047pt x 175.45238pt.

Overfull \hbox (14.76468pt too wide) in paragraph at lines 267--267
[][]  
 []

[24

]
File: concur2.png Graphic file (type png)
<use concur2.png>
Package pdftex.def Info: concur2.png  used on input line 275.
(pdftex.def)             Requested size: 199.14047pt x 175.45238pt.

Overfull \hbox (14.76468pt too wide) in paragraph at lines 275--275
[][]  
 []

[25

]
<concur3.png, id=717, 499.8675pt x 441.65pt>
File: concur3.png Graphic file (type png)
<use concur3.png>
Package pdftex.def Info: concur3.png  used on input line 288.
(pdftex.def)             Requested size: 199.94345pt x 176.65686pt.

Overfull \hbox (15.56766pt too wide) in paragraph at lines 288--288
[][]  
 []

[26

 <./concur3.png>]
File: concur3.png Graphic file (type png)
<use concur3.png>
Package pdftex.def Info: concur3.png  used on input line 300.
(pdftex.def)             Requested size: 199.94345pt x 176.65686pt.

Overfull \hbox (15.56766pt too wide) in paragraph at lines 300--300
[][]  
 []

[27

]
File: concur2.png Graphic file (type png)
<use concur2.png>
Package pdftex.def Info: concur2.png  used on input line 313.
(pdftex.def)             Requested size: 199.14047pt x 175.45238pt.

Overfull \hbox (14.76468pt too wide) in paragraph at lines 313--313
[][]  
 []

[28

]
File: concur2.png Graphic file (type png)
<use concur2.png>
Package pdftex.def Info: concur2.png  used on input line 324.
(pdftex.def)             Requested size: 199.14047pt x 175.45238pt.

Overfull \hbox (14.76468pt too wide) in paragraph at lines 324--324
[][]  
 []

[29

]
<ceva1.png, id=824, 593.21625pt x 468.75125pt>
File: ceva1.png Graphic file (type png)
<use ceva1.png>
Package pdftex.def Info: ceva1.png  used on input line 332.
(pdftex.def)             Requested size: 207.6288pt x 164.06538pt.

Overfull \hbox (23.253pt too wide) in paragraph at lines 332--332
[][]  
 []

[30

 <./ceva1.png>]
File: ceva1.png Graphic file (type png)
<use ceva1.png>
Package pdftex.def Info: ceva1.png  used on input line 347.
(pdftex.def)             Requested size: 207.6288pt x 164.06538pt.

Overfull \hbox (23.253pt too wide) in paragraph at lines 347--347
[][]  
 []

[31

]
File: ceva1.png Graphic file (type png)
<use ceva1.png>
Package pdftex.def Info: ceva1.png  used on input line 361.
(pdftex.def)             Requested size: 207.6288pt x 164.06538pt.

Overfull \hbox (23.253pt too wide) in paragraph at lines 361--361
[][]  
 []

[32

]
File: ceva1.png Graphic file (type png)
<use ceva1.png>
Package pdftex.def Info: ceva1.png  used on input line 377.
(pdftex.def)             Requested size: 207.6288pt x 164.06538pt.

Overfull \hbox (23.253pt too wide) in paragraph at lines 377--377
[][]  
 []

[33

]
<median1.png, id=932, 635.37375pt x 564.1075pt>
File: median1.png Graphic file (type png)
<use median1.png>
Package pdftex.def Info: median1.png  used on input line 388.
(pdftex.def)             Requested size: 190.61359pt x 169.23355pt.

Overfull \hbox (6.2378pt too wide) in paragraph at lines 388--388
[][]  
 []

[34

 <./median1.png>]
File: median1.png Graphic file (type png)
<use median1.png>
Package pdftex.def Info: median1.png  used on input line 400.
(pdftex.def)             Requested size: 254.14499pt x 225.63899pt.

Overfull \hbox (69.7692pt too wide) in paragraph at lines 400--400
[][]  
 []

[35

]
File: median1.png Graphic file (type png)
<use median1.png>
Package pdftex.def Info: median1.png  used on input line 412.
(pdftex.def)             Requested size: 254.14499pt x 225.63899pt.

Overfull \hbox (69.7692pt too wide) in paragraph at lines 412--412
[][]  
 []

[36

]
File: median1.png Graphic file (type png)
<use median1.png>
Package pdftex.def Info: median1.png  used on input line 422.
(pdftex.def)             Requested size: 254.14499pt x 225.63899pt.

Overfull \hbox (69.7692pt too wide) in paragraph at lines 422--422
[][]  
 []

[37

]
<median2.png, id=1040, 592.2125pt x 526.96875pt>
File: median2.png Graphic file (type png)
<use median2.png>
Package pdftex.def Info: median2.png  used on input line 436.
(pdftex.def)             Requested size: 177.66512pt x 158.09184pt.
 [38

 <./median2.png>]
File: median2.png Graphic file (type png)
<use median2.png>
Package pdftex.def Info: median2.png  used on input line 448.
(pdftex.def)             Requested size: 177.66512pt x 158.09184pt.
 [39

]
File: median2.png Graphic file (type png)
<use median2.png>
Package pdftex.def Info: median2.png  used on input line 461.
(pdftex.def)             Requested size: 177.66512pt x 158.09184pt.
 [40

]
File: median2.png Graphic file (type png)
<use median2.png>
Package pdftex.def Info: median2.png  used on input line 473.
(pdftex.def)             Requested size: 177.66512pt x 158.09184pt.
 [41

]
File: median2.png Graphic file (type png)
<use median2.png>
Package pdftex.def Info: median2.png  used on input line 486.
(pdftex.def)             Requested size: 177.66512pt x 158.09184pt.
 [42

]
File: median2.png Graphic file (type png)
<use median2.png>
Package pdftex.def Info: median2.png  used on input line 499.
(pdftex.def)             Requested size: 177.66512pt x 158.09184pt.
 [43

]
File: median2.png Graphic file (type png)
<use median2.png>
Package pdftex.def Info: median2.png  used on input line 512.
(pdftex.def)             Requested size: 177.66512pt x 158.09184pt.
 [44

]
<median3.png, id=1227, 600.2425pt x 564.1075pt>
File: median3.png Graphic file (type png)
<use median3.png>
Package pdftex.def Info: median3.png  used on input line 520.
(pdftex.def)             Requested size: 210.08801pt x 197.44057pt.

Overfull \hbox (25.71222pt too wide) in paragraph at lines 520--520
[][]  
 []

[45

 <./median3.png>]
File: median3.png Graphic file (type png)
<use median3.png>
Package pdftex.def Info: median3.png  used on input line 530.
(pdftex.def)             Requested size: 210.08801pt x 197.44057pt.

Overfull \hbox (25.71222pt too wide) in paragraph at lines 530--530
[][]  
 []

[46

]
File: median3.png Graphic file (type png)
<use median3.png>
Package pdftex.def Info: median3.png  used on input line 542.
(pdftex.def)             Requested size: 210.08801pt x 197.44057pt.

Overfull \hbox (25.71222pt too wide) in paragraph at lines 542--542
[][]  
 []

[47

]
<ortho1.png, id=1307, 625.33624pt x 558.085pt>
File: ortho1.png Graphic file (type png)
<use ortho1.png>
Package pdftex.def Info: ortho1.png  used on input line 551.
(pdftex.def)             Requested size: 250.13007pt x 223.23004pt.

Overfull \hbox (65.75427pt too wide) in paragraph at lines 551--551
[][]  
 []

[48

 <./ortho1.png>]
File: ortho1.png Graphic file (type png)
<use ortho1.png>
Package pdftex.def Info: ortho1.png  used on input line 562.
(pdftex.def)             Requested size: 250.13007pt x 223.23004pt.

Overfull \hbox (65.75427pt too wide) in paragraph at lines 562--562
[][]  
 []

[49

]
<right1.png, id=1363, 606.265pt x 531.9875pt>
File: right1.png Graphic file (type png)
<use right1.png>
Package pdftex.def Info: right1.png  used on input line 572.
(pdftex.def)             Requested size: 212.19592pt x 186.19841pt.

Overfull \hbox (27.82013pt too wide) in paragraph at lines 572--572
[][]  
 []

[50

 <./right1.png>]
<right2.png, id=1392, 559.08875pt x 543.02875pt>
File: right2.png Graphic file (type png)
<use right2.png>
Package pdftex.def Info: right2.png  used on input line 586.
(pdftex.def)             Requested size: 195.68399pt x 190.0629pt.

Overfull \hbox (11.3082pt too wide) in paragraph at lines 586--586
[][]  
 []

[51

 <./right2.png>]
File: right2.png Graphic file (type png)
<use right2.png>
Package pdftex.def Info: right2.png  used on input line 597.
(pdftex.def)             Requested size: 195.68399pt x 190.0629pt.

Overfull \hbox (11.3082pt too wide) in paragraph at lines 597--597
[][]  
 []

[52

]
<ortho2.png, id=1447, 597.23125pt x 540.0175pt>
File: ortho2.png Graphic file (type png)
<use ortho2.png>
Package pdftex.def Info: ortho2.png  used on input line 609.
(pdftex.def)             Requested size: 238.88826pt x 216.00316pt.

Overfull \hbox (54.51247pt too wide) in paragraph at lines 609--609
[][]  
 []

[53

 <./ortho2.png>]
<ortho3.png, id=1475, 614.295pt x 561.09625pt>
File: ortho3.png Graphic file (type png)
<use ortho3.png>
Package pdftex.def Info: ortho3.png  used on input line 618.
(pdftex.def)             Requested size: 245.71364pt x 224.43452pt.

Overfull \hbox (61.33784pt too wide) in paragraph at lines 618--618
[][]  
 []

[54

 <./ortho3.png>]
File: ortho3.png Graphic file (type png)
<use ortho3.png>
Package pdftex.def Info: ortho3.png  used on input line 628.
(pdftex.def)             Requested size: 245.71364pt x 224.43452pt.

Overfull \hbox (61.33784pt too wide) in paragraph at lines 628--628
[][]  
 []

[55

]
File: ortho3.png Graphic file (type png)
<use ortho3.png>
Package pdftex.def Info: ortho3.png  used on input line 644.
(pdftex.def)             Requested size: 245.71364pt x 224.43452pt.

Overfull \hbox (61.33784pt too wide) in paragraph at lines 644--644
[][]  
 []

[56

]
File: ortho3.png Graphic file (type png)
<use ortho3.png>
Package pdftex.def Info: ortho3.png  used on input line 655.
(pdftex.def)             Requested size: 245.71364pt x 224.43452pt.

Overfull \hbox (61.33784pt too wide) in paragraph at lines 655--655
[][]  
 []

[57

]
<circum1.png, id=1583, 667.49374pt x 608.2725pt>
File: circum1.png Graphic file (type png)
<use circum1.png>
Package pdftex.def Info: circum1.png  used on input line 664.
(pdftex.def)             Requested size: 200.24966pt x 182.48315pt.

Overfull \hbox (15.87387pt too wide) in paragraph at lines 664--664
[][]  
 []

[58

 <./circum1.png>]
File: circum1.png Graphic file (type png)
<use circum1.png>
Package pdftex.def Info: circum1.png  used on input line 676.
(pdftex.def)             Requested size: 200.24966pt x 182.48315pt.

Overfull \hbox (15.87387pt too wide) in paragraph at lines 676--676
[][]  
 []

[59

]
File: circum1.png Graphic file (type png)
<use circum1.png>
Package pdftex.def Info: circum1.png  used on input line 688.
(pdftex.def)             Requested size: 200.24966pt x 182.48315pt.

Overfull \hbox (15.87387pt too wide) in paragraph at lines 688--688
[][]  
 []

[60

]
File: circum1.png Graphic file (type png)
<use circum1.png>
Package pdftex.def Info: circum1.png  used on input line 702.
(pdftex.def)             Requested size: 200.24966pt x 182.48315pt.

Overfull \hbox (15.87387pt too wide) in paragraph at lines 702--702
[][]  
 []

[61

]
File: circum1.png Graphic file (type png)
<use circum1.png>
Package pdftex.def Info: circum1.png  used on input line 715.
(pdftex.def)             Requested size: 200.24966pt x 182.48315pt.

Overfull \hbox (15.87387pt too wide) in paragraph at lines 715--715
[][]  
 []

[62

]
<ortho4.png, id=1717, 661.47125pt x 607.26875pt>
File: ortho4.png Graphic file (type png)
<use ortho4.png>
Package pdftex.def Info: ortho4.png  used on input line 725.
(pdftex.def)             Requested size: 198.4429pt x 182.18202pt.

Overfull \hbox (14.06711pt too wide) in paragraph at lines 725--725
[][]  
 []

[63

 <./ortho4.png>]
File: ortho4.png Graphic file (type png)
<use ortho4.png>
Package pdftex.def Info: ortho4.png  used on input line 736.
(pdftex.def)             Requested size: 198.4429pt x 182.18202pt.

Overfull \hbox (14.06711pt too wide) in paragraph at lines 736--736
[][]  
 []

[64

]
File: ortho4.png Graphic file (type png)
<use ortho4.png>
Package pdftex.def Info: ortho4.png  used on input line 746.
(pdftex.def)             Requested size: 198.4429pt x 182.18202pt.

Overfull \hbox (14.06711pt too wide) in paragraph at lines 746--746
[][]  
 []

[65

]
File: ortho4.png Graphic file (type png)
<use ortho4.png>
Package pdftex.def Info: ortho4.png  used on input line 756.
(pdftex.def)             Requested size: 198.4429pt x 182.18202pt.

Overfull \hbox (14.06711pt too wide) in paragraph at lines 756--756
[][]  
 []

[66

]
<nine1.png, id=1824, 760.8425pt x 608.2725pt>
File: nine1.png Graphic file (type png)
<use nine1.png>
Package pdftex.def Info: nine1.png  used on input line 768.
(pdftex.def)             Requested size: 266.29886pt x 212.89856pt.

Overfull \hbox (20.46603pt too wide) in paragraph at lines 768--768
[][]  
 []

[67

 <./nine1.png>]
<nine2.png, id=1853, 662.475pt x 595.22375pt>
File: nine2.png Graphic file (type png)
<use nine2.png>
Package pdftex.def Info: nine2.png  used on input line 776.
(pdftex.def)             Requested size: 231.86972pt x 208.33144pt.
 [68

 <./nine2.png>]
File: nine2.png Graphic file (type png)
<use nine2.png>
Package pdftex.def Info: nine2.png  used on input line 786.
(pdftex.def)             Requested size: 231.86972pt x 208.33144pt.
 [69

]
File: nine2.png Graphic file (type png)
<use nine2.png>
Package pdftex.def Info: nine2.png  used on input line 796.
(pdftex.def)             Requested size: 231.86972pt x 208.33144pt.
 [70

]
<nine3.png, id=1934, 637.38126pt x 614.295pt>
File: nine3.png Graphic file (type png)
<use nine3.png>
Package pdftex.def Info: nine3.png  used on input line 804.
(pdftex.def)             Requested size: 223.08678pt x 215.00647pt.
 [71

 <./nine3.png>]
File: nine3.png Graphic file (type png)
<use nine3.png>
Package pdftex.def Info: nine3.png  used on input line 814.
(pdftex.def)             Requested size: 223.08678pt x 215.00647pt.
 [72

]
File: nine3.png Graphic file (type png)
<use nine3.png>
Package pdftex.def Info: nine3.png  used on input line 824.
(pdftex.def)             Requested size: 223.08678pt x 215.00647pt.

[73

]
File: nine2.png Graphic file (type png)
<use nine2.png>
Package pdftex.def Info: nine2.png  used on input line 832.
(pdftex.def)             Requested size: 231.86972pt x 208.33144pt.
 [74

]
File: nine2.png Graphic file (type png)
<use nine2.png>
Package pdftex.def Info: nine2.png  used on input line 842.
(pdftex.def)             Requested size: 231.86972pt x 208.33144pt.
 [75

]
<nine4.png, id=2068, 652.4375pt x 619.31375pt>
File: nine4.png Graphic file (type png)
<use nine4.png>
Package pdftex.def Info: nine4.png  used on input line 850.
(pdftex.def)             Requested size: 228.35654pt x 216.76306pt.

Overfull \hbox (4.55153pt too wide) detected at line 850
[][][] $[]$[][][][][][][][] $[]$[][][][][][] 
 []

[76

 <./nine4.png>]
File: nine4.png Graphic file (type png)
<use nine4.png>
Package pdftex.def Info: nine4.png  used on input line 860.
(pdftex.def)             Requested size: 228.35654pt x 216.76306pt.

Overfull \hbox (13.25458pt too wide) in paragraph at lines 860--860
[][]  
 []

[77

]
<nine5.png, id=2123, 650.43pt x 592.2125pt>
File: nine5.png Graphic file (type png)
<use nine5.png>
Package pdftex.def Info: nine5.png  used on input line 870.
(pdftex.def)             Requested size: 227.6539pt x 207.27747pt.

Overfull \hbox (12.55194pt too wide) in paragraph at lines 870--870
[][]  
 []

[78

 <./nine5.png>]
<nine6.png, id=2151, 656.4525pt x 593.21625pt>
File: nine6.png Graphic file (type png)
<use nine6.png>
Package pdftex.def Info: nine6.png  used on input line 882.
(pdftex.def)             Requested size: 229.76181pt x 207.6288pt.

Overfull \hbox (14.65985pt too wide) in paragraph at lines 882--882
[][]  
 []

[79

 <./nine6.png>]
File: nine6.png Graphic file (type png)
<use nine6.png>
Package pdftex.def Info: nine6.png  used on input line 892.
(pdftex.def)             Requested size: 229.76181pt x 207.6288pt.

Overfull \hbox (14.65985pt too wide) in paragraph at lines 892--892
[][]  
 []

[80

]
File: nine6.png Graphic file (type png)
<use nine6.png>
Package pdftex.def Info: nine6.png  used on input line 900.
(pdftex.def)             Requested size: 229.76181pt x 207.6288pt.

Overfull \hbox (14.65985pt too wide) in paragraph at lines 900--900
[][]  
 []

[81

]
<nine7.png, id=2233, 668.4975pt x 608.2725pt>
File: nine7.png Graphic file (type png)
<use nine7.png>
Package pdftex.def Info: nine7.png  used on input line 908.
(pdftex.def)             Requested size: 233.97763pt x 212.89856pt.

Overfull \hbox (18.87567pt too wide) in paragraph at lines 908--908
[][]  
 []

[82

 <./nine7.png>]
<nine8.png, id=2261, 649.42625pt x 599.23875pt>
File: nine8.png Graphic file (type png)
<use nine8.png>
Package pdftex.def Info: nine8.png  used on input line 918.
(pdftex.def)             Requested size: 227.3026pt x 209.7367pt.

Overfull \hbox (12.20064pt too wide) in paragraph at lines 918--918
[][]  
 []

[83

 <./nine8.png>]
<nine9.png, id=2289, 644.4075pt x 604.2575pt>
File: nine9.png Graphic file (type png)
<use nine9.png>
Package pdftex.def Info: nine9.png  used on input line 926.
(pdftex.def)             Requested size: 225.546pt x 211.49329pt.

Overfull \hbox (10.44405pt too wide) in paragraph at lines 926--926
[][]  
 []

[84

 <./nine9.png>]
<nine10.png, id=2318, 645.41125pt x 610.28pt>
File: nine10.png Graphic file (type png)
<use nine10.png>
Package pdftex.def Info: nine10.png  used on input line 934.
(pdftex.def)             Requested size: 225.89732pt x 213.6012pt.

Overfull \hbox (10.79536pt too wide) in paragraph at lines 934--934
[][]  
 []

[85

 <./nine10.png>] [86

] [87

] [88

]
\tf@nav=\write6
\openout6 = `lec.nav'.

\tf@toc=\write7
\openout7 = `lec.toc'.

\tf@snm=\write8
\openout8 = `lec.snm'.

Package atveryend Info: Empty hook `BeforeClearDocument' on input line 961.
Package atveryend Info: Empty hook `AfterLastShipout' on input line 961.
 (./lec.aux)
Package atveryend Info: Executing hook `AtVeryEndDocument' on input line 961.
Package atveryend Info: Executing hook `AtEndAfterFileList' on input line 961.
Package rerunfilecheck Info: File `lec.out' has not changed.
(rerunfilecheck)             Checksum: D41D8CD98F00B204E9800998ECF8427E;0.
 ) 
Here is how much of TeX's memory you used:
 33759 strings out of 492649
 787673 string characters out of 6129622
 988934 words of memory out of 5000000
 36769 multiletter control sequences out of 15000+600000
 16440 words of font info for 62 fonts, out of 8000000 for 9000
 1141 hyphenation exceptions out of 8191
 78i,15n,123p,770b,720s stack positions out of 5000i,500n,10000p,200000b,80000s
</usr/local/texlive/2018/texmf-dist/fonts/type1/public/amsfonts/cm/cmmi10.pfb
></usr/local/texlive/2018/texmf-dist/fonts/type1/public/amsfonts/cm/cmss10.pfb>
</usr/local/texlive/2018/texmf-dist/fonts/type1/public/amsfonts/cm/cmss12.pfb><
/usr/local/texlive/2018/texmf-dist/fonts/type1/public/amsfonts/cm/cmss17.pfb></
usr/local/texlive/2018/texmf-dist/fonts/type1/public/amsfonts/cm/cmss8.pfb></us
r/local/texlive/2018/texmf-dist/fonts/type1/public/amsfonts/cm/cmssbx10.pfb></u
sr/local/texlive/2018/texmf-dist/fonts/type1/public/amsfonts/cm/cmssi10.pfb></u
sr/local/texlive/2018/texmf-dist/fonts/type1/public/amsfonts/cm/cmssi8.pfb></us
r/local/texlive/2018/texmf-dist/fonts/type1/public/amsfonts/cm/cmsy10.pfb></usr
/local/texlive/2018/texmf-dist/fonts/type1/public/amsfonts/cm/cmsy8.pfb></usr/l
ocal/texlive/2018/texmf-dist/fonts/type1/public/amsfonts/symbols/msam10.pfb>
Output written on lec.pdf (88 pages, 1122558 bytes).
PDF statistics:
 2502 PDF objects out of 2984 (max. 8388607)
 2302 compressed objects within 24 object streams
 177 named destinations out of 1000 (max. 500000)
 234 words of extra memory for PDF output out of 10000 (max. 10000000)

