This is pdfTeX, Version 3.14159265-2.6-1.40.19 (TeX Live 2018) (preloaded format=pdflatex 2018.9.12)  7 JUL 2020 09:08
entering extended mode
 restricted \write18 enabled.
 %&-line parsing enabled.
**lec.tex
(./lec.tex
LaTeX2e <2018-04-01> patch level 2
Babel <3.18> and hyphenation patterns for 84 language(s) loaded.
(/usr/local/texlive/2018/texmf-dist/tex/latex/beamer/beamer.cls
Document Class: beamer 2018/02/20 v3.50 A class for typesetting presentations
(/usr/local/texlive/2018/texmf-dist/tex/latex/beamer/beamerbasemodes.sty
(/usr/local/texlive/2018/texmf-dist/tex/latex/etoolbox/etoolbox.sty
Package: etoolbox 2018/02/11 v2.5e e-TeX tools for LaTeX (JAW)
\etb@tempcnta=\count80
)
\beamer@tempbox=\box26
\beamer@tempcount=\count81
\c@beamerpauses=\count82

(/usr/local/texlive/2018/texmf-dist/tex/latex/beamer/beamerbasedecode.sty
\beamer@slideinframe=\count83
\beamer@minimum=\count84
)
\beamer@commentbox=\box27
\beamer@modecount=\count85
)
(/usr/local/texlive/2018/texmf-dist/tex/generic/oberdiek/ifpdf.sty
Package: ifpdf 2017/03/15 v3.2 Provides the ifpdf switch
)
\headdp=\dimen102
\footheight=\dimen103
\sidebarheight=\dimen104
\beamer@tempdim=\dimen105
\beamer@finalheight=\dimen106
\beamer@animht=\dimen107
\beamer@animdp=\dimen108
\beamer@animwd=\dimen109
\beamer@leftmargin=\dimen110
\beamer@rightmargin=\dimen111
\beamer@leftsidebar=\dimen112
\beamer@rightsidebar=\dimen113
\beamer@boxsize=\dimen114
\beamer@vboxoffset=\dimen115
\beamer@descdefault=\dimen116
\beamer@descriptionwidth=\dimen117
\beamer@lastskip=\skip41
\beamer@areabox=\box28
\beamer@animcurrent=\box29
\beamer@animshowbox=\box30
\beamer@sectionbox=\box31
\beamer@logobox=\box32
\beamer@linebox=\box33
\beamer@sectioncount=\count86
\beamer@subsubsectionmax=\count87
\beamer@subsectionmax=\count88
\beamer@sectionmax=\count89
\beamer@totalheads=\count90
\beamer@headcounter=\count91
\beamer@partstartpage=\count92
\beamer@sectionstartpage=\count93
\beamer@subsectionstartpage=\count94
\beamer@animationtempa=\count95
\beamer@animationtempb=\count96
\beamer@xpos=\count97
\beamer@ypos=\count98
\beamer@ypos@offset=\count99
\beamer@showpartnumber=\count100
\beamer@currentsubsection=\count101
\beamer@coveringdepth=\count102
\beamer@sectionadjust=\count103
\beamer@tocsectionnumber=\count104

(/usr/local/texlive/2018/texmf-dist/tex/latex/beamer/beamerbaseoptions.sty
(/usr/local/texlive/2018/texmf-dist/tex/latex/graphics/keyval.sty
Package: keyval 2014/10/28 v1.15 key=value parser (DPC)
\KV@toks@=\toks14
))
\beamer@paperwidth=\skip42
\beamer@paperheight=\skip43

(/usr/local/texlive/2018/texmf-dist/tex/latex/geometry/geometry.sty
Package: geometry 2018/03/24 v5.7 Page Geometry

(/usr/local/texlive/2018/texmf-dist/tex/generic/oberdiek/ifvtex.sty
Package: ifvtex 2016/05/16 v1.6 Detect VTeX and its facilities (HO)
Package ifvtex Info: VTeX not detected.
)
(/usr/local/texlive/2018/texmf-dist/tex/generic/ifxetex/ifxetex.sty
Package: ifxetex 2010/09/12 v0.6 Provides ifxetex conditional
)
\Gm@cnth=\count105
\Gm@cntv=\count106
\c@Gm@tempcnt=\count107
\Gm@bindingoffset=\dimen118
\Gm@wd@mp=\dimen119
\Gm@odd@mp=\dimen120
\Gm@even@mp=\dimen121
\Gm@layoutwidth=\dimen122
\Gm@layoutheight=\dimen123
\Gm@layouthoffset=\dimen124
\Gm@layoutvoffset=\dimen125
\Gm@dimlist=\toks15
)
(/usr/local/texlive/2018/texmf-dist/tex/latex/base/size11.clo
File: size11.clo 2014/09/29 v1.4h Standard LaTeX file (size option)
)
(/usr/local/texlive/2018/texmf-dist/tex/latex/pgf/basiclayer/pgfcore.sty
(/usr/local/texlive/2018/texmf-dist/tex/latex/graphics/graphicx.sty
Package: graphicx 2017/06/01 v1.1a Enhanced LaTeX Graphics (DPC,SPQR)

(/usr/local/texlive/2018/texmf-dist/tex/latex/graphics/graphics.sty
Package: graphics 2017/06/25 v1.2c Standard LaTeX Graphics (DPC,SPQR)

(/usr/local/texlive/2018/texmf-dist/tex/latex/graphics/trig.sty
Package: trig 2016/01/03 v1.10 sin cos tan (DPC)
)
(/usr/local/texlive/2018/texmf-dist/tex/latex/graphics-cfg/graphics.cfg
File: graphics.cfg 2016/06/04 v1.11 sample graphics configuration
)
Package graphics Info: Driver file: pdftex.def on input line 99.

(/usr/local/texlive/2018/texmf-dist/tex/latex/graphics-def/pdftex.def
File: pdftex.def 2018/01/08 v1.0l Graphics/color driver for pdftex
))
\Gin@req@height=\dimen126
\Gin@req@width=\dimen127
)
(/usr/local/texlive/2018/texmf-dist/tex/latex/pgf/systemlayer/pgfsys.sty
(/usr/local/texlive/2018/texmf-dist/tex/latex/pgf/utilities/pgfrcs.sty
(/usr/local/texlive/2018/texmf-dist/tex/generic/pgf/utilities/pgfutil-common.te
x
\pgfutil@everybye=\toks16
\pgfutil@tempdima=\dimen128
\pgfutil@tempdimb=\dimen129

(/usr/local/texlive/2018/texmf-dist/tex/generic/pgf/utilities/pgfutil-common-li
sts.tex))
(/usr/local/texlive/2018/texmf-dist/tex/generic/pgf/utilities/pgfutil-latex.def
\pgfutil@abb=\box34
(/usr/local/texlive/2018/texmf-dist/tex/latex/ms/everyshi.sty
Package: everyshi 2001/05/15 v3.00 EveryShipout Package (MS)
))
(/usr/local/texlive/2018/texmf-dist/tex/generic/pgf/utilities/pgfrcs.code.tex
Package: pgfrcs 2015/08/07 v3.0.1a (rcs-revision 1.31)
))
(/usr/local/texlive/2018/texmf-dist/tex/generic/pgf/systemlayer/pgfsys.code.tex
Package: pgfsys 2014/07/09 v3.0.1a (rcs-revision 1.48)
(/usr/local/texlive/2018/texmf-dist/tex/generic/pgf/utilities/pgfkeys.code.tex
\pgfkeys@pathtoks=\toks17
\pgfkeys@temptoks=\toks18

(/usr/local/texlive/2018/texmf-dist/tex/generic/pgf/utilities/pgfkeysfiltered.c
ode.tex
\pgfkeys@tmptoks=\toks19
))
\pgf@x=\dimen130
\pgf@y=\dimen131
\pgf@xa=\dimen132
\pgf@ya=\dimen133
\pgf@xb=\dimen134
\pgf@yb=\dimen135
\pgf@xc=\dimen136
\pgf@yc=\dimen137
\w@pgf@writea=\write3
\r@pgf@reada=\read1
\c@pgf@counta=\count108
\c@pgf@countb=\count109
\c@pgf@countc=\count110
\c@pgf@countd=\count111
\t@pgf@toka=\toks20
\t@pgf@tokb=\toks21
\t@pgf@tokc=\toks22

(/usr/local/texlive/2018/texmf-dist/tex/generic/pgf/systemlayer/pgf.cfg
File: pgf.cfg 2008/05/14  (rcs-revision 1.7)
)
Driver file for pgf: pgfsys-pdftex.def

(/usr/local/texlive/2018/texmf-dist/tex/generic/pgf/systemlayer/pgfsys-pdftex.d
ef
File: pgfsys-pdftex.def 2014/10/11  (rcs-revision 1.35)

(/usr/local/texlive/2018/texmf-dist/tex/generic/pgf/systemlayer/pgfsys-common-p
df.def
File: pgfsys-common-pdf.def 2013/10/10  (rcs-revision 1.13)
)))
(/usr/local/texlive/2018/texmf-dist/tex/generic/pgf/systemlayer/pgfsyssoftpath.
code.tex
File: pgfsyssoftpath.code.tex 2013/09/09  (rcs-revision 1.9)
\pgfsyssoftpath@smallbuffer@items=\count112
\pgfsyssoftpath@bigbuffer@items=\count113
)
(/usr/local/texlive/2018/texmf-dist/tex/generic/pgf/systemlayer/pgfsysprotocol.
code.tex
File: pgfsysprotocol.code.tex 2006/10/16  (rcs-revision 1.4)
)) (/usr/local/texlive/2018/texmf-dist/tex/latex/xcolor/xcolor.sty
Package: xcolor 2016/05/11 v2.12 LaTeX color extensions (UK)

(/usr/local/texlive/2018/texmf-dist/tex/latex/graphics-cfg/color.cfg
File: color.cfg 2016/01/02 v1.6 sample color configuration
)
Package xcolor Info: Driver file: pdftex.def on input line 225.
Package xcolor Info: Model `cmy' substituted by `cmy0' on input line 1348.
Package xcolor Info: Model `hsb' substituted by `rgb' on input line 1352.
Package xcolor Info: Model `RGB' extended on input line 1364.
Package xcolor Info: Model `HTML' substituted by `rgb' on input line 1366.
Package xcolor Info: Model `Hsb' substituted by `hsb' on input line 1367.
Package xcolor Info: Model `tHsb' substituted by `hsb' on input line 1368.
Package xcolor Info: Model `HSB' substituted by `hsb' on input line 1369.
Package xcolor Info: Model `Gray' substituted by `gray' on input line 1370.
Package xcolor Info: Model `wave' substituted by `hsb' on input line 1371.
)
(/usr/local/texlive/2018/texmf-dist/tex/generic/pgf/basiclayer/pgfcore.code.tex
Package: pgfcore 2010/04/11 v3.0.1a (rcs-revision 1.7)
(/usr/local/texlive/2018/texmf-dist/tex/generic/pgf/math/pgfmath.code.tex
(/usr/local/texlive/2018/texmf-dist/tex/generic/pgf/math/pgfmathcalc.code.tex
(/usr/local/texlive/2018/texmf-dist/tex/generic/pgf/math/pgfmathutil.code.tex)
(/usr/local/texlive/2018/texmf-dist/tex/generic/pgf/math/pgfmathparser.code.tex
\pgfmath@dimen=\dimen138
\pgfmath@count=\count114
\pgfmath@box=\box35
\pgfmath@toks=\toks23
\pgfmath@stack@operand=\toks24
\pgfmath@stack@operation=\toks25
)
(/usr/local/texlive/2018/texmf-dist/tex/generic/pgf/math/pgfmathfunctions.code.
tex
(/usr/local/texlive/2018/texmf-dist/tex/generic/pgf/math/pgfmathfunctions.basic
.code.tex)
(/usr/local/texlive/2018/texmf-dist/tex/generic/pgf/math/pgfmathfunctions.trigo
nometric.code.tex)
(/usr/local/texlive/2018/texmf-dist/tex/generic/pgf/math/pgfmathfunctions.rando
m.code.tex)
(/usr/local/texlive/2018/texmf-dist/tex/generic/pgf/math/pgfmathfunctions.compa
rison.code.tex)
(/usr/local/texlive/2018/texmf-dist/tex/generic/pgf/math/pgfmathfunctions.base.
code.tex)
(/usr/local/texlive/2018/texmf-dist/tex/generic/pgf/math/pgfmathfunctions.round
.code.tex)
(/usr/local/texlive/2018/texmf-dist/tex/generic/pgf/math/pgfmathfunctions.misc.
code.tex)
(/usr/local/texlive/2018/texmf-dist/tex/generic/pgf/math/pgfmathfunctions.integ
erarithmetics.code.tex)))
(/usr/local/texlive/2018/texmf-dist/tex/generic/pgf/math/pgfmathfloat.code.tex
\c@pgfmathroundto@lastzeros=\count115
))
(/usr/local/texlive/2018/texmf-dist/tex/generic/pgf/basiclayer/pgfcorepoints.co
de.tex
File: pgfcorepoints.code.tex 2013/10/07  (rcs-revision 1.27)
\pgf@picminx=\dimen139
\pgf@picmaxx=\dimen140
\pgf@picminy=\dimen141
\pgf@picmaxy=\dimen142
\pgf@pathminx=\dimen143
\pgf@pathmaxx=\dimen144
\pgf@pathminy=\dimen145
\pgf@pathmaxy=\dimen146
\pgf@xx=\dimen147
\pgf@xy=\dimen148
\pgf@yx=\dimen149
\pgf@yy=\dimen150
\pgf@zx=\dimen151
\pgf@zy=\dimen152
)
(/usr/local/texlive/2018/texmf-dist/tex/generic/pgf/basiclayer/pgfcorepathconst
ruct.code.tex
File: pgfcorepathconstruct.code.tex 2013/10/07  (rcs-revision 1.29)
\pgf@path@lastx=\dimen153
\pgf@path@lasty=\dimen154
)
(/usr/local/texlive/2018/texmf-dist/tex/generic/pgf/basiclayer/pgfcorepathusage
.code.tex
File: pgfcorepathusage.code.tex 2014/11/02  (rcs-revision 1.24)
\pgf@shorten@end@additional=\dimen155
\pgf@shorten@start@additional=\dimen156
)
(/usr/local/texlive/2018/texmf-dist/tex/generic/pgf/basiclayer/pgfcorescopes.co
de.tex
File: pgfcorescopes.code.tex 2015/05/08  (rcs-revision 1.46)
\pgfpic=\box36
\pgf@hbox=\box37
\pgf@layerbox@main=\box38
\pgf@picture@serial@count=\count116
)
(/usr/local/texlive/2018/texmf-dist/tex/generic/pgf/basiclayer/pgfcoregraphicst
ate.code.tex
File: pgfcoregraphicstate.code.tex 2014/11/02  (rcs-revision 1.12)
\pgflinewidth=\dimen157
)
(/usr/local/texlive/2018/texmf-dist/tex/generic/pgf/basiclayer/pgfcoretransform
ations.code.tex
File: pgfcoretransformations.code.tex 2015/08/07  (rcs-revision 1.20)
\pgf@pt@x=\dimen158
\pgf@pt@y=\dimen159
\pgf@pt@temp=\dimen160
)
(/usr/local/texlive/2018/texmf-dist/tex/generic/pgf/basiclayer/pgfcorequick.cod
e.tex
File: pgfcorequick.code.tex 2008/10/09  (rcs-revision 1.3)
)
(/usr/local/texlive/2018/texmf-dist/tex/generic/pgf/basiclayer/pgfcoreobjects.c
ode.tex
File: pgfcoreobjects.code.tex 2006/10/11  (rcs-revision 1.2)
)
(/usr/local/texlive/2018/texmf-dist/tex/generic/pgf/basiclayer/pgfcorepathproce
ssing.code.tex
File: pgfcorepathprocessing.code.tex 2013/09/09  (rcs-revision 1.9)
)
(/usr/local/texlive/2018/texmf-dist/tex/generic/pgf/basiclayer/pgfcorearrows.co
de.tex
File: pgfcorearrows.code.tex 2015/05/14  (rcs-revision 1.43)
\pgfarrowsep=\dimen161
)
(/usr/local/texlive/2018/texmf-dist/tex/generic/pgf/basiclayer/pgfcoreshade.cod
e.tex
File: pgfcoreshade.code.tex 2013/07/15  (rcs-revision 1.15)
\pgf@max=\dimen162
\pgf@sys@shading@range@num=\count117
)
(/usr/local/texlive/2018/texmf-dist/tex/generic/pgf/basiclayer/pgfcoreimage.cod
e.tex
File: pgfcoreimage.code.tex 2013/07/15  (rcs-revision 1.18)

(/usr/local/texlive/2018/texmf-dist/tex/generic/pgf/basiclayer/pgfcoreexternal.
code.tex
File: pgfcoreexternal.code.tex 2014/07/09  (rcs-revision 1.21)
\pgfexternal@startupbox=\box39
))
(/usr/local/texlive/2018/texmf-dist/tex/generic/pgf/basiclayer/pgfcorelayers.co
de.tex
File: pgfcorelayers.code.tex 2013/07/18  (rcs-revision 1.7)
)
(/usr/local/texlive/2018/texmf-dist/tex/generic/pgf/basiclayer/pgfcoretranspare
ncy.code.tex
File: pgfcoretransparency.code.tex 2013/09/30  (rcs-revision 1.5)
)
(/usr/local/texlive/2018/texmf-dist/tex/generic/pgf/basiclayer/pgfcorepatterns.
code.tex
File: pgfcorepatterns.code.tex 2013/11/07  (rcs-revision 1.5)
)))
(/usr/local/texlive/2018/texmf-dist/tex/latex/pgf/utilities/xxcolor.sty
Package: xxcolor 2003/10/24 ver 0.1
\XC@nummixins=\count118
\XC@countmixins=\count119
)
(/usr/local/texlive/2018/texmf-dist/tex/generic/oberdiek/atbegshi.sty
Package: atbegshi 2016/06/09 v1.18 At begin shipout hook (HO)

(/usr/local/texlive/2018/texmf-dist/tex/generic/oberdiek/infwarerr.sty
Package: infwarerr 2016/05/16 v1.4 Providing info/warning/error messages (HO)
)
(/usr/local/texlive/2018/texmf-dist/tex/generic/oberdiek/ltxcmds.sty
Package: ltxcmds 2016/05/16 v1.23 LaTeX kernel commands for general use (HO)
))
(/usr/local/texlive/2018/texmf-dist/tex/latex/hyperref/hyperref.sty
Package: hyperref 2018/02/06 v6.86b Hypertext links for LaTeX

(/usr/local/texlive/2018/texmf-dist/tex/generic/oberdiek/hobsub-hyperref.sty
Package: hobsub-hyperref 2016/05/16 v1.14 Bundle oberdiek, subset hyperref (HO)


(/usr/local/texlive/2018/texmf-dist/tex/generic/oberdiek/hobsub-generic.sty
Package: hobsub-generic 2016/05/16 v1.14 Bundle oberdiek, subset generic (HO)
Package: hobsub 2016/05/16 v1.14 Construct package bundles (HO)
Package hobsub Info: Skipping package `infwarerr' (already loaded).
Package hobsub Info: Skipping package `ltxcmds' (already loaded).
Package: ifluatex 2016/05/16 v1.4 Provides the ifluatex switch (HO)
Package ifluatex Info: LuaTeX not detected.
Package hobsub Info: Skipping package `ifvtex' (already loaded).
Package: intcalc 2016/05/16 v1.2 Expandable calculations with integers (HO)
Package hobsub Info: Skipping package `ifpdf' (already loaded).
Package: etexcmds 2016/05/16 v1.6 Avoid name clashes with e-TeX commands (HO)
Package etexcmds Info: Could not find \expanded.
(etexcmds)             That can mean that you are not using pdfTeX 1.50 or
(etexcmds)             that some package has redefined \expanded.
(etexcmds)             In the latter case, load this package earlier.
Package: kvsetkeys 2016/05/16 v1.17 Key value parser (HO)
Package: kvdefinekeys 2016/05/16 v1.4 Define keys (HO)
Package: pdftexcmds 2018/01/30 v0.27 Utility functions of pdfTeX for LuaTeX (HO
)
Package pdftexcmds Info: LuaTeX not detected.
Package pdftexcmds Info: \pdf@primitive is available.
Package pdftexcmds Info: \pdf@ifprimitive is available.
Package pdftexcmds Info: \pdfdraftmode found.
Package: pdfescape 2016/05/16 v1.14 Implements pdfTeX's escape features (HO)
Package: bigintcalc 2016/05/16 v1.4 Expandable calculations on big integers (HO
)
Package: bitset 2016/05/16 v1.2 Handle bit-vector datatype (HO)
Package: uniquecounter 2016/05/16 v1.3 Provide unlimited unique counter (HO)
)
Package hobsub Info: Skipping package `hobsub' (already loaded).
Package: letltxmacro 2016/05/16 v1.5 Let assignment for LaTeX macros (HO)
Package: hopatch 2016/05/16 v1.3 Wrapper for package hooks (HO)
Package: xcolor-patch 2016/05/16 xcolor patch
Package: atveryend 2016/05/16 v1.9 Hooks at the very end of document (HO)
Package hobsub Info: Skipping package `atbegshi' (already loaded).
Package: refcount 2016/05/16 v3.5 Data extraction from label references (HO)
Package: hycolor 2016/05/16 v1.8 Color options for hyperref/bookmark (HO)
)
(/usr/local/texlive/2018/texmf-dist/tex/latex/oberdiek/auxhook.sty
Package: auxhook 2016/05/16 v1.4 Hooks for auxiliary files (HO)
)
(/usr/local/texlive/2018/texmf-dist/tex/latex/oberdiek/kvoptions.sty
Package: kvoptions 2016/05/16 v3.12 Key value format for package options (HO)
)
\@linkdim=\dimen163
\Hy@linkcounter=\count120
\Hy@pagecounter=\count121

(/usr/local/texlive/2018/texmf-dist/tex/latex/hyperref/pd1enc.def
File: pd1enc.def 2018/02/06 v6.86b Hyperref: PDFDocEncoding definition (HO)
Now handling font encoding PD1 ...
... no UTF-8 mapping file for font encoding PD1
)
\Hy@SavedSpaceFactor=\count122

(/usr/local/texlive/2018/texmf-dist/tex/latex/latexconfig/hyperref.cfg
File: hyperref.cfg 2002/06/06 v1.2 hyperref configuration of TeXLive
)
Package hyperref Info: Option `bookmarks' set `true' on input line 4383.
Package hyperref Info: Option `bookmarksopen' set `true' on input line 4383.
Package hyperref Info: Option `implicit' set `false' on input line 4383.
Package hyperref Info: Hyper figures OFF on input line 4509.
Package hyperref Info: Link nesting OFF on input line 4514.
Package hyperref Info: Hyper index ON on input line 4517.
Package hyperref Info: Plain pages OFF on input line 4524.
Package hyperref Info: Backreferencing OFF on input line 4529.
Package hyperref Info: Implicit mode OFF; no redefinition of LaTeX internals.
Package hyperref Info: Bookmarks ON on input line 4762.
\c@Hy@tempcnt=\count123

(/usr/local/texlive/2018/texmf-dist/tex/latex/url/url.sty
\Urlmuskip=\muskip10
Package: url 2013/09/16  ver 3.4  Verb mode for urls, etc.
)
LaTeX Info: Redefining \url on input line 5115.
\XeTeXLinkMargin=\dimen164
\Fld@menulength=\count124
\Field@Width=\dimen165
\Fld@charsize=\dimen166
Package hyperref Info: Hyper figures OFF on input line 6369.
Package hyperref Info: Link nesting OFF on input line 6374.
Package hyperref Info: Hyper index ON on input line 6377.
Package hyperref Info: backreferencing OFF on input line 6384.
Package hyperref Info: Link coloring OFF on input line 6389.
Package hyperref Info: Link coloring with OCG OFF on input line 6394.
Package hyperref Info: PDF/A mode OFF on input line 6399.
LaTeX Info: Redefining \ref on input line 6439.
LaTeX Info: Redefining \pageref on input line 6443.
\Hy@abspage=\count125


Package hyperref Message: Stopped early.

)
Package hyperref Info: Driver (autodetected): hpdftex.
 (/usr/local/texlive/2018/texmf-dist/tex/latex/hyperref/hpdftex.def
File: hpdftex.def 2018/02/06 v6.86b Hyperref driver for pdfTeX
\Fld@listcount=\count126
\c@bookmark@seq@number=\count127

(/usr/local/texlive/2018/texmf-dist/tex/latex/oberdiek/rerunfilecheck.sty
Package: rerunfilecheck 2016/05/16 v1.8 Rerun checks for auxiliary files (HO)
Package uniquecounter Info: New unique counter `rerunfilecheck' on input line 2
82.
))
(/usr/local/texlive/2018/texmf-dist/tex/latex/beamer/beamerbaserequires.sty
(/usr/local/texlive/2018/texmf-dist/tex/latex/beamer/beamerbasecompatibility.st
y) (/usr/local/texlive/2018/texmf-dist/tex/latex/beamer/beamerbasefont.sty
(/usr/local/texlive/2018/texmf-dist/tex/latex/amsfonts/amssymb.sty
Package: amssymb 2013/01/14 v3.01 AMS font symbols

(/usr/local/texlive/2018/texmf-dist/tex/latex/amsfonts/amsfonts.sty
Package: amsfonts 2013/01/14 v3.01 Basic AMSFonts support
\@emptytoks=\toks26
\symAMSa=\mathgroup4
\symAMSb=\mathgroup5
LaTeX Font Info:    Overwriting math alphabet `\mathfrak' in version `bold'
(Font)                  U/euf/m/n --> U/euf/b/n on input line 106.
))
(/usr/local/texlive/2018/texmf-dist/tex/latex/sansmathaccent/sansmathaccent.sty
Package: sansmathaccent 2013/03/28
(/usr/local/texlive/2018/texmf-dist/tex/latex/filehook/filehook.sty
Package: filehook 2011/10/12 v0.5d Hooks for input files
)))
(/usr/local/texlive/2018/texmf-dist/tex/latex/beamer/beamerbasetranslator.sty
(/usr/local/texlive/2018/texmf-dist/tex/latex/translator/translator.sty
Package: translator 2018/01/04 v1.12 Easy translation of strings in LaTeX
))
(/usr/local/texlive/2018/texmf-dist/tex/latex/beamer/beamerbasemisc.sty)
(/usr/local/texlive/2018/texmf-dist/tex/latex/beamer/beamerbasetwoscreens.sty)
(/usr/local/texlive/2018/texmf-dist/tex/latex/beamer/beamerbaseoverlay.sty
\beamer@argscount=\count128
\beamer@lastskipcover=\skip44
\beamer@trivlistdepth=\count129
)
(/usr/local/texlive/2018/texmf-dist/tex/latex/beamer/beamerbasetitle.sty)
(/usr/local/texlive/2018/texmf-dist/tex/latex/beamer/beamerbasesection.sty
\c@lecture=\count130
\c@part=\count131
\c@section=\count132
\c@subsection=\count133
\c@subsubsection=\count134
)
(/usr/local/texlive/2018/texmf-dist/tex/latex/beamer/beamerbaseframe.sty
\beamer@framebox=\box40
\beamer@frametitlebox=\box41
\beamer@zoombox=\box42
\beamer@zoomcount=\count135
\beamer@zoomframecount=\count136
\beamer@frametextheight=\dimen167
\c@subsectionslide=\count137
\beamer@frametopskip=\skip45
\beamer@framebottomskip=\skip46
\beamer@frametopskipautobreak=\skip47
\beamer@framebottomskipautobreak=\skip48
\beamer@envbody=\toks27
\framewidth=\dimen168
\c@framenumber=\count138
)
(/usr/local/texlive/2018/texmf-dist/tex/latex/beamer/beamerbaseverbatim.sty
\beamer@verbatimfileout=\write4
)
(/usr/local/texlive/2018/texmf-dist/tex/latex/beamer/beamerbaseframesize.sty
\beamer@splitbox=\box43
\beamer@autobreakcount=\count139
\beamer@autobreaklastheight=\dimen169
\beamer@frametitletoks=\toks28
\beamer@framesubtitletoks=\toks29
)
(/usr/local/texlive/2018/texmf-dist/tex/latex/beamer/beamerbaseframecomponents.
sty
\beamer@footins=\box44
) (/usr/local/texlive/2018/texmf-dist/tex/latex/beamer/beamerbasecolor.sty
\beamer@bg@ht=\dimen170
\beamer@bg@wd=\dimen171
\beamer@bg@dp=\dimen172
)
(/usr/local/texlive/2018/texmf-dist/tex/latex/beamer/beamerbasenotes.sty
\beamer@frameboxcopy=\box45
)
(/usr/local/texlive/2018/texmf-dist/tex/latex/beamer/beamerbasetoc.sty)
(/usr/local/texlive/2018/texmf-dist/tex/latex/beamer/beamerbasetemplates.sty
\beamer@sbttoks=\toks30

(/usr/local/texlive/2018/texmf-dist/tex/latex/beamer/beamerbaseauxtemplates.sty
(/usr/local/texlive/2018/texmf-dist/tex/latex/beamer/beamerbaseboxes.sty
\bmb@box=\box46
\bmb@colorbox=\box47
\bmb@boxshadow=\box48
\bmb@boxshadowball=\box49
\bmb@boxshadowballlarge=\box50
\bmb@temp=\dimen173
\bmb@dima=\dimen174
\bmb@dimb=\dimen175
\bmb@prevheight=\dimen176
)
\beamer@blockheadheight=\dimen177
))
(/usr/local/texlive/2018/texmf-dist/tex/latex/beamer/beamerbaselocalstructure.s
ty (/usr/local/texlive/2018/texmf-dist/tex/latex/tools/enumerate.sty
Package: enumerate 2015/07/23 v3.00 enumerate extensions (DPC)
\@enLab=\toks31
)
\c@figure=\count140
\c@table=\count141
\abovecaptionskip=\skip49
\belowcaptionskip=\skip50
)
(/usr/local/texlive/2018/texmf-dist/tex/latex/beamer/beamerbasenavigation.sty
\beamer@section@min@dim=\dimen178
)
(/usr/local/texlive/2018/texmf-dist/tex/latex/beamer/beamerbasetheorems.sty
(/usr/local/texlive/2018/texmf-dist/tex/latex/amsmath/amsmath.sty
Package: amsmath 2017/09/02 v2.17a AMS math features
\@mathmargin=\skip51

For additional information on amsmath, use the `?' option.
(/usr/local/texlive/2018/texmf-dist/tex/latex/amsmath/amstext.sty
Package: amstext 2000/06/29 v2.01 AMS text

(/usr/local/texlive/2018/texmf-dist/tex/latex/amsmath/amsgen.sty
File: amsgen.sty 1999/11/30 v2.0 generic functions
\@emptytoks=\toks32
\ex@=\dimen179
))
(/usr/local/texlive/2018/texmf-dist/tex/latex/amsmath/amsbsy.sty
Package: amsbsy 1999/11/29 v1.2d Bold Symbols
\pmbraise@=\dimen180
)
(/usr/local/texlive/2018/texmf-dist/tex/latex/amsmath/amsopn.sty
Package: amsopn 2016/03/08 v2.02 operator names
)
\inf@bad=\count142
LaTeX Info: Redefining \frac on input line 213.
\uproot@=\count143
\leftroot@=\count144
LaTeX Info: Redefining \overline on input line 375.
\classnum@=\count145
\DOTSCASE@=\count146
LaTeX Info: Redefining \ldots on input line 472.
LaTeX Info: Redefining \dots on input line 475.
LaTeX Info: Redefining \cdots on input line 596.
\Mathstrutbox@=\box51
\strutbox@=\box52
\big@size=\dimen181
LaTeX Font Info:    Redeclaring font encoding OML on input line 712.
LaTeX Font Info:    Redeclaring font encoding OMS on input line 713.
\macc@depth=\count147
\c@MaxMatrixCols=\count148
\dotsspace@=\muskip11
\c@parentequation=\count149
\dspbrk@lvl=\count150
\tag@help=\toks33
\row@=\count151
\column@=\count152
\maxfields@=\count153
\andhelp@=\toks34
\eqnshift@=\dimen182
\alignsep@=\dimen183
\tagshift@=\dimen184
\tagwidth@=\dimen185
\totwidth@=\dimen186
\lineht@=\dimen187
\@envbody=\toks35
\multlinegap=\skip52
\multlinetaggap=\skip53
\mathdisplay@stack=\toks36
LaTeX Info: Redefining \[ on input line 2817.
LaTeX Info: Redefining \] on input line 2818.
)
(/usr/local/texlive/2018/texmf-dist/tex/latex/amscls/amsthm.sty
Package: amsthm 2017/10/31 v2.20.4
\thm@style=\toks37
\thm@bodyfont=\toks38
\thm@headfont=\toks39
\thm@notefont=\toks40
\thm@headpunct=\toks41
\thm@preskip=\skip54
\thm@postskip=\skip55
\thm@headsep=\skip56
\dth@everypar=\toks42
)
\c@theorem=\count154
)
(/usr/local/texlive/2018/texmf-dist/tex/latex/beamer/beamerbasethemes.sty))
(/usr/local/texlive/2018/texmf-dist/tex/latex/beamer/beamerthemedefault.sty
(/usr/local/texlive/2018/texmf-dist/tex/latex/beamer/beamerfontthemedefault.sty
)
(/usr/local/texlive/2018/texmf-dist/tex/latex/beamer/beamercolorthemedefault.st
y)
(/usr/local/texlive/2018/texmf-dist/tex/latex/beamer/beamerinnerthemedefault.st
y
\beamer@dima=\dimen188
\beamer@dimb=\dimen189
)
(/usr/local/texlive/2018/texmf-dist/tex/latex/beamer/beamerouterthemedefault.st
y))) (/usr/local/texlive/2018/texmf-dist/tex/latex/base/inputenc.sty
Package: inputenc 2018/04/06 v1.3b Input encoding file
\inpenc@prehook=\toks43
\inpenc@posthook=\toks44
)
(./purev.sty
(/usr/local/texlive/2018/texmf-dist/tex/latex/stackengine/stackengine.sty
Package: stackengine 2017/02/13 v4.01\ Stacking text and objects in convenient 
ways

(/usr/local/texlive/2018/texmf-dist/tex/generic/listofitems/listofitems.sty
(/usr/local/texlive/2018/texmf-dist/tex/generic/listofitems/listofitems.tex
\loi_nestcnt=\count155
)
Package: listofitems 2018/03/13 v1.53 Grab items in lists using user-specified 
sep char (CT)
)
(/usr/local/texlive/2018/texmf-dist/tex/latex/tools/calc.sty
Package: calc 2017/05/25 v4.3 Infix arithmetic (KKT,FJ)
\calc@Acount=\count156
\calc@Bcount=\count157
\calc@Adimen=\dimen190
\calc@Bdimen=\dimen191
\calc@Askip=\skip57
\calc@Bskip=\skip58
LaTeX Info: Redefining \setlength on input line 80.
LaTeX Info: Redefining \addtolength on input line 81.
\calc@Ccount=\count158
\calc@Cskip=\skip59
)
\c@@stackindex=\count159
\@boxshift=\skip60
\stack@tmplength=\skip61
\temp@stkl=\skip62
\@stackedboxwidth=\skip63
\@addedbox=\box53
\@anchorbox=\box54
\stackedbox=\box55
\@centerbox=\box56
\c@ROWcellindex@=\count160
)
(/usr/local/texlive/2018/texmf-dist/tex/latex/float/float.sty
Package: float 2001/11/08 v1.3d Float enhancements (AL)
\c@float@type=\count161
\float@exts=\toks45
\float@box=\box57
\@float@everytoks=\toks46
\@floatcapt=\box58
)
(/usr/local/texlive/2018/texmf-dist/tex/latex/tipa/tipa.sty
Package: tipa 2002/08/08 TIPA version 1.1

(/usr/local/texlive/2018/texmf-dist/tex/latex/base/fontenc.sty
Package: fontenc 2017/04/05 v2.0i Standard LaTeX package

(/usr/local/texlive/2018/texmf-dist/tex/latex/tipa/t3enc.def
File: t3enc.def 2001/12/31 T3 encoding
Now handling font encoding T3 ...
... no UTF-8 mapping file for font encoding T3
)
(/usr/local/texlive/2018/texmf-dist/tex/latex/base/ot1enc.def
File: ot1enc.def 2017/04/05 v2.0i Standard LaTeX file
LaTeX Font Info:    Redeclaring font encoding OT1 on input line 48.
)))
(/usr/local/texlive/2018/texmf-dist/tex/latex/pgf/frontendlayer/tikz.sty
(/usr/local/texlive/2018/texmf-dist/tex/latex/pgf/basiclayer/pgf.sty
Package: pgf 2015/08/07 v3.0.1a (rcs-revision 1.15)

(/usr/local/texlive/2018/texmf-dist/tex/generic/pgf/modules/pgfmoduleshapes.cod
e.tex
File: pgfmoduleshapes.code.tex 2014/03/21  (rcs-revision 1.35)
\pgfnodeparttextbox=\box59
)
(/usr/local/texlive/2018/texmf-dist/tex/generic/pgf/modules/pgfmoduleplot.code.
tex
File: pgfmoduleplot.code.tex 2015/08/03  (rcs-revision 1.13)
)
(/usr/local/texlive/2018/texmf-dist/tex/latex/pgf/compatibility/pgfcomp-version
-0-65.sty
Package: pgfcomp-version-0-65 2007/07/03 v3.0.1a (rcs-revision 1.7)
\pgf@nodesepstart=\dimen192
\pgf@nodesepend=\dimen193
)
(/usr/local/texlive/2018/texmf-dist/tex/latex/pgf/compatibility/pgfcomp-version
-1-18.sty
Package: pgfcomp-version-1-18 2007/07/23 v3.0.1a (rcs-revision 1.1)
))
(/usr/local/texlive/2018/texmf-dist/tex/latex/pgf/utilities/pgffor.sty
(/usr/local/texlive/2018/texmf-dist/tex/latex/pgf/utilities/pgfkeys.sty
(/usr/local/texlive/2018/texmf-dist/tex/generic/pgf/utilities/pgfkeys.code.tex)
) (/usr/local/texlive/2018/texmf-dist/tex/latex/pgf/math/pgfmath.sty
(/usr/local/texlive/2018/texmf-dist/tex/generic/pgf/math/pgfmath.code.tex))
(/usr/local/texlive/2018/texmf-dist/tex/generic/pgf/utilities/pgffor.code.tex
Package: pgffor 2013/12/13 v3.0.1a (rcs-revision 1.25)

(/usr/local/texlive/2018/texmf-dist/tex/generic/pgf/math/pgfmath.code.tex)
\pgffor@iter=\dimen194
\pgffor@skip=\dimen195
\pgffor@stack=\toks47
\pgffor@toks=\toks48
))
(/usr/local/texlive/2018/texmf-dist/tex/generic/pgf/frontendlayer/tikz/tikz.cod
e.tex
Package: tikz 2015/08/07 v3.0.1a (rcs-revision 1.151)

(/usr/local/texlive/2018/texmf-dist/tex/generic/pgf/libraries/pgflibraryplothan
dlers.code.tex
File: pgflibraryplothandlers.code.tex 2013/08/31 v3.0.1a (rcs-revision 1.20)
\pgf@plot@mark@count=\count162
\pgfplotmarksize=\dimen196
)
\tikz@lastx=\dimen197
\tikz@lasty=\dimen198
\tikz@lastxsaved=\dimen199
\tikz@lastysaved=\dimen256
\tikzleveldistance=\dimen257
\tikzsiblingdistance=\dimen258
\tikz@figbox=\box60
\tikz@figbox@bg=\box61
\tikz@tempbox=\box62
\tikz@tempbox@bg=\box63
\tikztreelevel=\count163
\tikznumberofchildren=\count164
\tikznumberofcurrentchild=\count165
\tikz@fig@count=\count166

(/usr/local/texlive/2018/texmf-dist/tex/generic/pgf/modules/pgfmodulematrix.cod
e.tex
File: pgfmodulematrix.code.tex 2013/09/17  (rcs-revision 1.8)
\pgfmatrixcurrentrow=\count167
\pgfmatrixcurrentcolumn=\count168
\pgf@matrix@numberofcolumns=\count169
)
\tikz@expandcount=\count170

(/usr/local/texlive/2018/texmf-dist/tex/generic/pgf/frontendlayer/tikz/librarie
s/tikzlibrarytopaths.code.tex
File: tikzlibrarytopaths.code.tex 2008/06/17 v3.0.1a (rcs-revision 1.2)
)))
(/usr/local/texlive/2018/texmf-dist/tex/latex/listings/listings.sty
\lst@mode=\count171
\lst@gtempboxa=\box64
\lst@token=\toks49
\lst@length=\count172
\lst@currlwidth=\dimen259
\lst@column=\count173
\lst@pos=\count174
\lst@lostspace=\dimen260
\lst@width=\dimen261
\lst@newlines=\count175
\lst@lineno=\count176
\lst@maxwidth=\dimen262

(/usr/local/texlive/2018/texmf-dist/tex/latex/listings/lstmisc.sty
File: lstmisc.sty 2015/06/04 1.6 (Carsten Heinz)
\c@lstnumber=\count177
\lst@skipnumbers=\count178
\lst@framebox=\box65
)
(/usr/local/texlive/2018/texmf-dist/tex/latex/listings/listings.cfg
File: listings.cfg 2015/06/04 1.6 listings configuration
))
Package: listings 2015/06/04 1.6 (Carsten Heinz)

(/usr/local/texlive/2018/texmf-dist/tex/latex/doublestroke/dsfont.sty
Package: dsfont 1995/08/01 v0.1 Double stroke roman fonts
)
(/usr/local/texlive/2018/texmf-dist/tex/latex/pgfplots/pgfplots.sty
(/usr/local/texlive/2018/texmf-dist/tex/generic/pgfplots/pgfplots.revision.tex)
Package: pgfplots 2018/03/28 v1.16 Data Visualization (1.16)
(/usr/local/texlive/2018/texmf-dist/tex/generic/pgfplots/pgfplots.code.tex
(/usr/local/texlive/2018/texmf-dist/tex/generic/pgfplots/pgfplotscore.code.tex
\t@pgfplots@toka=\toks50
\t@pgfplots@tokb=\toks51
\t@pgfplots@tokc=\toks52
\pgfplots@tmpa=\dimen263
\c@pgfplots@coordindex=\count179
\c@pgfplots@scanlineindex=\count180

(/usr/local/texlive/2018/texmf-dist/tex/generic/pgfplots/sys/pgfplotssysgeneric
.code.tex))
(/usr/local/texlive/2018/texmf-dist/tex/generic/pgfplots/libs/pgfplotslibrary.c
ode.tex)
(/usr/local/texlive/2018/texmf-dist/tex/generic/pgfplots/oldpgfcompatib/pgfplot
soldpgfsupp_loader.code.tex
(/usr/local/texlive/2018/texmf-dist/tex/generic/pgf/libraries/pgflibraryfpu.cod
e.tex)
Package pgfplots: loading complementary arithmetics for your pgf version...

(/usr/local/texlive/2018/texmf-dist/tex/generic/pgfplots/oldpgfcompatib/pgfplot
soldpgfsupp_pgflibraryfpu.code.tex)
(/usr/local/texlive/2018/texmf-dist/tex/generic/pgfplots/oldpgfcompatib/pgfplot
soldpgfsupp_pgfmathfloat.code.tex
\c@pgfmathroundto@lastzeros=\count181
)
(/usr/local/texlive/2018/texmf-dist/tex/generic/pgfplots/oldpgfcompatib/pgfplot
soldpgfsupp_leq.code.tex))
(/usr/local/texlive/2018/texmf-dist/tex/generic/pgfplots/util/pgfplotsutil.code
.tex
(/usr/local/texlive/2018/texmf-dist/tex/generic/pgfplots/liststructure/pgfplots
liststructure.code.tex)
(/usr/local/texlive/2018/texmf-dist/tex/generic/pgfplots/liststructure/pgfplots
liststructureext.code.tex)
(/usr/local/texlive/2018/texmf-dist/tex/generic/pgfplots/liststructure/pgfplots
array.code.tex
\c@pgfplotsarray@tmp=\count182
)
(/usr/local/texlive/2018/texmf-dist/tex/generic/pgfplots/liststructure/pgfplots
matrix.code.tex)
(/usr/local/texlive/2018/texmf-dist/tex/generic/pgfplots/numtable/pgfplotstable
shared.code.tex
\c@pgfplotstable@counta=\count183
\t@pgfplotstable@a=\toks53
)
(/usr/local/texlive/2018/texmf-dist/tex/generic/pgfplots/liststructure/pgfplots
deque.code.tex)
(/usr/local/texlive/2018/texmf-dist/tex/generic/pgfplots/util/pgfplotsbinary.co
de.tex
(/usr/local/texlive/2018/texmf-dist/tex/generic/pgfplots/util/pgfplotsbinary.da
ta.code.tex))
(/usr/local/texlive/2018/texmf-dist/tex/generic/pgfplots/util/pgfplotsutil.verb
.code.tex)
(/usr/local/texlive/2018/texmf-dist/tex/generic/pgfplots/libs/pgflibrarypgfplot
s.surfshading.code.tex
\c@pgfplotslibrarysurf@no=\count184

(/usr/local/texlive/2018/texmf-dist/tex/generic/pgfplots/sys/pgflibrarypgfplots
.surfshading.pgfsys-pdftex.def)))
(/usr/local/texlive/2018/texmf-dist/tex/generic/pgfplots/util/pgfplotscolormap.
code.tex
(/usr/local/texlive/2018/texmf-dist/tex/generic/pgfplots/util/pgfplotscolor.cod
e.tex))
(/usr/local/texlive/2018/texmf-dist/tex/generic/pgfplots/pgfplotsstackedplots.c
ode.tex)
(/usr/local/texlive/2018/texmf-dist/tex/generic/pgfplots/pgfplotsplothandlers.c
ode.tex
(/usr/local/texlive/2018/texmf-dist/tex/generic/pgfplots/pgfplotsmeshplothandle
r.code.tex
(/usr/local/texlive/2018/texmf-dist/tex/generic/pgfplots/pgfplotsmeshplotimage.
code.tex)))
(/usr/local/texlive/2018/texmf-dist/tex/generic/pgfplots/pgfplots.scaling.code.
tex)
(/usr/local/texlive/2018/texmf-dist/tex/generic/pgfplots/pgfplotscoordprocessin
g.code.tex)
(/usr/local/texlive/2018/texmf-dist/tex/generic/pgfplots/pgfplots.errorbars.cod
e.tex)
(/usr/local/texlive/2018/texmf-dist/tex/generic/pgfplots/pgfplots.markers.code.
tex)
(/usr/local/texlive/2018/texmf-dist/tex/generic/pgfplots/pgfplotsticks.code.tex
)
(/usr/local/texlive/2018/texmf-dist/tex/generic/pgfplots/pgfplots.paths.code.te
x)
(/usr/local/texlive/2018/texmf-dist/tex/generic/pgf/frontendlayer/tikz/librarie
s/tikzlibrarydecorations.code.tex
(/usr/local/texlive/2018/texmf-dist/tex/generic/pgf/modules/pgfmoduledecoration
s.code.tex
\pgfdecoratedcompleteddistance=\dimen264
\pgfdecoratedremainingdistance=\dimen265
\pgfdecoratedinputsegmentcompleteddistance=\dimen266
\pgfdecoratedinputsegmentremainingdistance=\dimen267
\pgf@decorate@distancetomove=\dimen268
\pgf@decorate@repeatstate=\count185
\pgfdecorationsegmentamplitude=\dimen269
\pgfdecorationsegmentlength=\dimen270
)
\tikz@lib@dec@box=\box66
)
(/usr/local/texlive/2018/texmf-dist/tex/generic/pgf/frontendlayer/tikz/librarie
s/tikzlibrarydecorations.pathmorphing.code.tex
(/usr/local/texlive/2018/texmf-dist/tex/generic/pgf/libraries/decorations/pgfli
brarydecorations.pathmorphing.code.tex))
(/usr/local/texlive/2018/texmf-dist/tex/generic/pgf/frontendlayer/tikz/librarie
s/tikzlibrarydecorations.pathreplacing.code.tex
(/usr/local/texlive/2018/texmf-dist/tex/generic/pgf/libraries/decorations/pgfli
brarydecorations.pathreplacing.code.tex))
\pgfplots@numplots=\count186
\pgfplots@xmin@reg=\dimen271
\pgfplots@xmax@reg=\dimen272
\pgfplots@ymin@reg=\dimen273
\pgfplots@ymax@reg=\dimen274
\pgfplots@zmin@reg=\dimen275
\pgfplots@zmax@reg=\dimen276
)
(/usr/local/texlive/2018/texmf-dist/tex/generic/pgf/frontendlayer/tikz/librarie
s/tikzlibraryplotmarks.code.tex
File: tikzlibraryplotmarks.code.tex 2008/01/09 v3.0.1a (rcs-revision 1.1)

(/usr/local/texlive/2018/texmf-dist/tex/generic/pgf/libraries/pgflibraryplotmar
ks.code.tex
File: pgflibraryplotmarks.code.tex 2015/08/03 v3.0.1a (rcs-revision 1.14)
)))
(/usr/local/texlive/2018/texmf-dist/tex/latex/jknapltx/mathrsfs.sty
Package: mathrsfs 1996/01/01 Math RSFS package v1.0 (jk)
\symrsfs=\mathgroup6
)
(/usr/local/texlive/2018/texmf-dist/tex/generic/pgf/frontendlayer/tikz/librarie
s/tikzlibraryarrows.code.tex
File: tikzlibraryarrows.code.tex 2008/01/09 v3.0.1a (rcs-revision 1.1)

(/usr/local/texlive/2018/texmf-dist/tex/generic/pgf/libraries/pgflibraryarrows.
code.tex
File: pgflibraryarrows.code.tex 2013/09/23 v3.0.1a (rcs-revision 1.16)
\arrowsize=\dimen277
)) (/usr/local/texlive/2018/texmf-dist/tex/latex/xkeyval/xkeyval.sty
Package: xkeyval 2014/12/03 v2.7a package option processing (HA)

(/usr/local/texlive/2018/texmf-dist/tex/generic/xkeyval/xkeyval.tex
(/usr/local/texlive/2018/texmf-dist/tex/generic/xkeyval/xkvutils.tex
\XKV@toks=\toks54
\XKV@tempa@toks=\toks55
)
\XKV@depth=\count187
File: xkeyval.tex 2014/12/03 v2.7a key=value parser (HA)
))
\boiboite=\box67
\c@test=\count188
)
(/usr/local/texlive/2018/texmf-dist/tex/latex/beamer/beamerthemeWarsaw.sty
(/usr/local/texlive/2018/texmf-dist/tex/latex/beamer/beamerinnerthemerounded.st
y)
(/usr/local/texlive/2018/texmf-dist/tex/latex/beamer/beamerouterthemeshadow.sty
(/usr/local/texlive/2018/texmf-dist/tex/latex/beamer/beamerouterthemesplit.sty)
)
(/usr/local/texlive/2018/texmf-dist/tex/latex/beamer/beamercolorthemeorchid.sty
)
(/usr/local/texlive/2018/texmf-dist/tex/latex/beamer/beamercolorthemewhale.sty)
) (./lec.aux)
\openout1 = `lec.aux'.

LaTeX Font Info:    Checking defaults for OML/cmm/m/it on input line 12.
LaTeX Font Info:    ... okay on input line 12.
LaTeX Font Info:    Checking defaults for T1/cmr/m/n on input line 12.
LaTeX Font Info:    ... okay on input line 12.
LaTeX Font Info:    Checking defaults for OT1/cmr/m/n on input line 12.
LaTeX Font Info:    ... okay on input line 12.
LaTeX Font Info:    Checking defaults for OMS/cmsy/m/n on input line 12.
LaTeX Font Info:    ... okay on input line 12.
LaTeX Font Info:    Checking defaults for OMX/cmex/m/n on input line 12.
LaTeX Font Info:    ... okay on input line 12.
LaTeX Font Info:    Checking defaults for U/cmr/m/n on input line 12.
LaTeX Font Info:    ... okay on input line 12.
LaTeX Font Info:    Checking defaults for PD1/pdf/m/n on input line 12.
LaTeX Font Info:    ... okay on input line 12.
LaTeX Font Info:    Checking defaults for T3/cmr/m/n on input line 12.
LaTeX Font Info:    Try loading font information for T3+cmr on input line 12.
 (/usr/local/texlive/2018/texmf-dist/tex/latex/tipa/t3cmr.fd
File: t3cmr.fd 2001/12/31 TIPA font definitions
)
LaTeX Font Info:    ... okay on input line 12.

*geometry* driver: auto-detecting
*geometry* detected driver: pdftex
*geometry* verbose mode - [ preamble ] result:
* driver: pdftex
* paper: custom
* layout: <same size as paper>
* layoutoffset:(h,v)=(0.0pt,0.0pt)
* modes: includehead includefoot 
* h-part:(L,W,R)=(28.45274pt, 307.28987pt, 28.45274pt)
* v-part:(T,H,B)=(0.0pt, 273.14662pt, 0.0pt)
* \paperwidth=364.19536pt
* \paperheight=273.14662pt
* \textwidth=307.28987pt
* \textheight=244.6939pt
* \oddsidemargin=-43.81725pt
* \evensidemargin=-43.81725pt
* \topmargin=-72.26999pt
* \headheight=14.22636pt
* \headsep=0.0pt
* \topskip=11.0pt
* \footskip=14.22636pt
* \marginparwidth=4.0pt
* \marginparsep=10.0pt
* \columnsep=10.0pt
* \skip\footins=10.0pt plus 4.0pt minus 2.0pt
* \hoffset=0.0pt
* \voffset=0.0pt
* \mag=1000
* \@twocolumnfalse
* \@twosidefalse
* \@mparswitchfalse
* \@reversemarginfalse
* (1in=72.27pt=25.4mm, 1cm=28.453pt)

(/usr/local/texlive/2018/texmf-dist/tex/context/base/mkii/supp-pdf.mkii
[Loading MPS to PDF converter (version 2006.09.02).]
\scratchcounter=\count189
\scratchdimen=\dimen278
\scratchbox=\box68
\nofMPsegments=\count190
\nofMParguments=\count191
\everyMPshowfont=\toks56
\MPscratchCnt=\count192
\MPscratchDim=\dimen279
\MPnumerator=\count193
\makeMPintoPDFobject=\count194
\everyMPtoPDFconversion=\toks57
) (/usr/local/texlive/2018/texmf-dist/tex/latex/oberdiek/epstopdf-base.sty
Package: epstopdf-base 2016/05/15 v2.6 Base part for package epstopdf

(/usr/local/texlive/2018/texmf-dist/tex/latex/oberdiek/grfext.sty
Package: grfext 2016/05/16 v1.2 Manage graphics extensions (HO)
)
Package epstopdf-base Info: Redefining graphics rule for `.eps' on input line 4
38.
Package grfext Info: Graphics extension search list:
(grfext)             [.pdf,.png,.jpg,.mps,.jpeg,.jbig2,.jb2,.PDF,.PNG,.JPG,.JPE
G,.JBIG2,.JB2,.eps]
(grfext)             \AppendGraphicsExtensions on input line 456.

(/usr/local/texlive/2018/texmf-dist/tex/latex/latexconfig/epstopdf-sys.cfg
File: epstopdf-sys.cfg 2010/07/13 v1.3 Configuration of (r)epstopdf for TeX Liv
e
))
ABD: EveryShipout initializing macros
\AtBeginShipoutBox=\box69
Package hyperref Info: Link coloring OFF on input line 12.

(/usr/local/texlive/2018/texmf-dist/tex/latex/hyperref/nameref.sty
Package: nameref 2016/05/21 v2.44 Cross-referencing by name of section

(/usr/local/texlive/2018/texmf-dist/tex/generic/oberdiek/gettitlestring.sty
Package: gettitlestring 2016/05/16 v1.5 Cleanup title references (HO)
)
\c@section@level=\count195
)
LaTeX Info: Redefining \ref on input line 12.
LaTeX Info: Redefining \pageref on input line 12.
LaTeX Info: Redefining \nameref on input line 12.

(./lec.out) (./lec.out)
\@outlinefile=\write5
\openout5 = `lec.out'.

LaTeX Font Info:    Overwriting symbol font `operators' in version `normal'
(Font)                  OT1/cmr/m/n --> OT1/cmss/m/n on input line 12.
LaTeX Font Info:    Overwriting symbol font `operators' in version `bold'
(Font)                  OT1/cmr/bx/n --> OT1/cmss/bx/n on input line 12.
\symnumbers=\mathgroup7
\sympureletters=\mathgroup8
LaTeX Font Info:    Overwriting math alphabet `\mathrm' in version `normal'
(Font)                  OT1/cmss/m/n --> OT1/cmr/m/n on input line 12.
LaTeX Font Info:    Redeclaring math alphabet \mathbf on input line 12.
LaTeX Font Info:    Overwriting math alphabet `\mathbf' in version `normal'
(Font)                  OT1/cmr/bx/n --> OT1/cmss/bx/n on input line 12.
LaTeX Font Info:    Overwriting math alphabet `\mathbf' in version `bold'
(Font)                  OT1/cmr/bx/n --> OT1/cmss/bx/n on input line 12.
LaTeX Font Info:    Redeclaring math alphabet \mathsf on input line 12.
LaTeX Font Info:    Overwriting math alphabet `\mathsf' in version `normal'
(Font)                  OT1/cmss/m/n --> OT1/cmss/m/n on input line 12.
LaTeX Font Info:    Overwriting math alphabet `\mathsf' in version `bold'
(Font)                  OT1/cmss/bx/n --> OT1/cmss/m/n on input line 12.
LaTeX Font Info:    Redeclaring math alphabet \mathit on input line 12.
LaTeX Font Info:    Overwriting math alphabet `\mathit' in version `normal'
(Font)                  OT1/cmr/m/it --> OT1/cmss/m/it on input line 12.
LaTeX Font Info:    Overwriting math alphabet `\mathit' in version `bold'
(Font)                  OT1/cmr/bx/it --> OT1/cmss/m/it on input line 12.
LaTeX Font Info:    Redeclaring math alphabet \mathtt on input line 12.
LaTeX Font Info:    Overwriting math alphabet `\mathtt' in version `normal'
(Font)                  OT1/cmtt/m/n --> OT1/cmtt/m/n on input line 12.
LaTeX Font Info:    Overwriting math alphabet `\mathtt' in version `bold'
(Font)                  OT1/cmtt/m/n --> OT1/cmtt/m/n on input line 12.
LaTeX Font Info:    Overwriting symbol font `numbers' in version `bold'
(Font)                  OT1/cmss/m/n --> OT1/cmss/bx/n on input line 12.
LaTeX Font Info:    Overwriting symbol font `pureletters' in version `bold'
(Font)                  OT1/cmss/m/it --> OT1/cmss/bx/it on input line 12.
LaTeX Font Info:    Overwriting math alphabet `\mathrm' in version `bold'
(Font)                  OT1/cmss/bx/n --> OT1/cmr/bx/n on input line 12.
LaTeX Font Info:    Overwriting math alphabet `\mathbf' in version `bold'
(Font)                  OT1/cmss/bx/n --> OT1/cmss/bx/n on input line 12.
LaTeX Font Info:    Overwriting math alphabet `\mathsf' in version `bold'
(Font)                  OT1/cmss/m/n --> OT1/cmss/bx/n on input line 12.
LaTeX Font Info:    Overwriting math alphabet `\mathit' in version `bold'
(Font)                  OT1/cmss/m/it --> OT1/cmss/bx/it on input line 12.
LaTeX Font Info:    Overwriting math alphabet `\mathtt' in version `bold'
(Font)                  OT1/cmtt/m/n --> OT1/cmtt/bx/n on input line 12.
LaTeX Font Info:    Redeclaring symbol font `pureletters' on input line 12.
LaTeX Font Info:    Overwriting symbol font `pureletters' in version `normal'
(Font)                  OT1/cmss/m/it --> OT1/mathkerncmss/m/sl on input line 1
2.
LaTeX Font Info:    Overwriting symbol font `pureletters' in version `bold'
(Font)                  OT1/cmss/bx/it --> OT1/mathkerncmss/m/sl on input line 
12.
LaTeX Font Info:    Overwriting symbol font `pureletters' in version `bold'
(Font)                  OT1/mathkerncmss/m/sl --> OT1/mathkerncmss/bx/sl on inp
ut line 12.

(/usr/local/texlive/2018/texmf-dist/tex/latex/translator/translator-basic-dicti
onary-English.dict
Dictionary: translator-basic-dictionary, Language: English 
)
(/usr/local/texlive/2018/texmf-dist/tex/latex/translator/translator-bibliograph
y-dictionary-English.dict
Dictionary: translator-bibliography-dictionary, Language: English 
)
(/usr/local/texlive/2018/texmf-dist/tex/latex/translator/translator-environment
-dictionary-English.dict
Dictionary: translator-environment-dictionary, Language: English 
)
(/usr/local/texlive/2018/texmf-dist/tex/latex/translator/translator-months-dict
ionary-English.dict
Dictionary: translator-months-dictionary, Language: English 
)
(/usr/local/texlive/2018/texmf-dist/tex/latex/translator/translator-numbers-dic
tionary-English.dict
Dictionary: translator-numbers-dictionary, Language: English 
)
(/usr/local/texlive/2018/texmf-dist/tex/latex/translator/translator-theorem-dic
tionary-English.dict
Dictionary: translator-theorem-dictionary, Language: English 
)
\c@lstlisting=\count196

Package pgfplots notification 'compat/show suggested version=true': you might b
enefit from \pgfplotsset{compat=1.16} (current compat level: 1.15).

(./lec.nav) [1

{/usr/local/texlive/2018/texmf-var/fonts/map/pdftex/updmap/pdftex.map}] [2] [3

]
<cyc1.png, id=110, 508.90125pt x 489.83pt>
File: cyc1.png Graphic file (type png)
<use cyc1.png>
Package pdftex.def Info: cyc1.png  used on input line 42.
(pdftex.def)             Requested size: 178.1181pt x 171.44305pt.
LaTeX Font Info:    Try loading font information for U+msa on input line 42.
 (/usr/local/texlive/2018/texmf-dist/tex/latex/amsfonts/umsa.fd
File: umsa.fd 2013/01/14 v3.01 AMS symbols A
)
LaTeX Font Info:    Try loading font information for U+msb on input line 42.

(/usr/local/texlive/2018/texmf-dist/tex/latex/amsfonts/umsb.fd
File: umsb.fd 2013/01/14 v3.01 AMS symbols B
)
LaTeX Font Info:    Try loading font information for U+rsfs on input line 42.

(/usr/local/texlive/2018/texmf-dist/tex/latex/jknapltx/ursfs.fd
File: ursfs.fd 1998/03/24 rsfs font definition file (jk)
)
LaTeX Font Info:    Try loading font information for OT1+mathkerncmss on input 
line 42.

(/usr/local/texlive/2018/texmf-dist/tex/latex/sansmathaccent/ot1mathkerncmss.fd
File: ot1mathkerncmss.fd 2013/03/27 Fontinst v1.933 font definitions for OT1/ma
thkerncmss.
) [4

 <./cyc1.png>]
<cyc2.png, id=141, 522.95375pt x 523.9575pt>
File: cyc2.png Graphic file (type png)
<use cyc2.png>
Package pdftex.def Info: cyc2.png  used on input line 54.
(pdftex.def)             Requested size: 183.03654pt x 183.38786pt.
 [5

 <./cyc2.png>]
File: cyc2.png Graphic file (type png)
<use cyc2.png>
Package pdftex.def Info: cyc2.png  used on input line 68.
(pdftex.def)             Requested size: 183.03654pt x 183.38786pt.
LaTeX Font Info:    Try loading font information for T3+cmss on input line 68.

(/usr/local/texlive/2018/texmf-dist/tex/latex/tipa/t3cmss.fd
File: t3cmss.fd 2001/12/31 TIPA font definitions
) [6

]
<cyc3.png, id=199, 497.86pt x 483.8075pt>
File: cyc3.png Graphic file (type png)
<use cyc3.png>
Package pdftex.def Info: cyc3.png  used on input line 80.
(pdftex.def)             Requested size: 174.2536pt x 169.33516pt.
 [7

 <./cyc3.png>]
File: cyc3.png Graphic file (type png)
<use cyc3.png>
Package pdftex.def Info: cyc3.png  used on input line 94.
(pdftex.def)             Requested size: 174.2536pt x 169.33516pt.
 [8

]
<cyc4.png, id=256, 498.86375pt x 495.8525pt>
File: cyc4.png Graphic file (type png)
<use cyc4.png>
Package pdftex.def Info: cyc4.png  used on input line 109.
(pdftex.def)             Requested size: 174.60492pt x 173.55096pt.

Overfull \hbox (14.2574pt too wide) detected at line 109
\OT1/mathkerncmss/m/sl/10.95 D \OMS/cmsy/m/n/10.95 2 \OML/cmm/m/it/10.95 !\OT1/
cmss/m/n/10.95 (\OT1/mathkerncmss/m/sl/10.95 ABC\OT1/cmss/m/n/10.95 ) \OMS/cmsy
/m/n/10.95 , \OML/cmm/m/it/10.95 ^^L \OT1/cmss/m/n/10.95 + \OML/cmm/m/it/10.95 
^^N \OT1/cmss/m/n/10.95 = 180[]\OML/cmm/m/it/10.95 :
 []

[9

 <./cyc4.png>]
File: cyc4.png Graphic file (type png)
<use cyc4.png>
Package pdftex.def Info: cyc4.png  used on input line 117.
(pdftex.def)             Requested size: 174.60492pt x 173.55096pt.
 [10

]
File: cyc4.png Graphic file (type png)
<use cyc4.png>
Package pdftex.def Info: cyc4.png  used on input line 129.
(pdftex.def)             Requested size: 174.60492pt x 173.55096pt.

Overfull \hbox (14.2574pt too wide) detected at line 129
\OT1/mathkerncmss/m/sl/10.95 D \OMS/cmsy/m/n/10.95 2 \OML/cmm/m/it/10.95 !\OT1/
cmss/m/n/10.95 (\OT1/mathkerncmss/m/sl/10.95 ABC\OT1/cmss/m/n/10.95 ) \OMS/cmsy
/m/n/10.95 , \OML/cmm/m/it/10.95 ^^L \OT1/cmss/m/n/10.95 + \OML/cmm/m/it/10.95 
^^N \OT1/cmss/m/n/10.95 = 180[]\OML/cmm/m/it/10.95 :
 []

[11

]
File: cyc4.png Graphic file (type png)
<use cyc4.png>
Package pdftex.def Info: cyc4.png  used on input line 140.
(pdftex.def)             Requested size: 174.60492pt x 173.55096pt.
 [12

]
File: cyc1.png Graphic file (type png)
<use cyc1.png>
Package pdftex.def Info: cyc1.png  used on input line 149.
(pdftex.def)             Requested size: 178.1181pt x 171.44305pt.
 [13

]
File: cyc1.png Graphic file (type png)
<use cyc1.png>
Package pdftex.def Info: cyc1.png  used on input line 157.
(pdftex.def)             Requested size: 178.1181pt x 171.44305pt.
 [14

]
<cyc5.png, id=416, 484.81125pt x 490.83376pt>
File: cyc5.png Graphic file (type png)
<use cyc5.png>
Package pdftex.def Info: cyc5.png  used on input line 168.
(pdftex.def)             Requested size: 169.68648pt x 171.79439pt.
 [15

 <./cyc5.png>]
File: cyc5.png Graphic file (type png)
<use cyc5.png>
Package pdftex.def Info: cyc5.png  used on input line 183.
(pdftex.def)             Requested size: 169.68648pt x 171.79439pt.
 [16

]
File: cyc5.png Graphic file (type png)
<use cyc5.png>
Package pdftex.def Info: cyc5.png  used on input line 197.
(pdftex.def)             Requested size: 169.68648pt x 171.79439pt.
 [17

]
<cyc6.png, id=497, 513.92pt x 488.82625pt>
File: cyc6.png Graphic file (type png)
<use cyc6.png>
Package pdftex.def Info: cyc6.png  used on input line 208.
(pdftex.def)             Requested size: 179.87468pt x 171.09174pt.
 [18

 <./cyc6.png>]
<cyc7.png, id=525, 567.11874pt x 514.92375pt>
File: cyc7.png Graphic file (type png)
<use cyc7.png>
Package pdftex.def Info: cyc7.png  used on input line 218.
(pdftex.def)             Requested size: 198.49452pt x 180.226pt.

Overfull \hbox (14.11873pt too wide) in paragraph at lines 218--218
[][]  
 []

[19

 <./cyc7.png>]
File: cyc7.png Graphic file (type png)
<use cyc7.png>
Package pdftex.def Info: cyc7.png  used on input line 228.
(pdftex.def)             Requested size: 198.49452pt x 180.226pt.

Overfull \hbox (14.11873pt too wide) in paragraph at lines 228--228
[][]  
 []

[20

]
File: cyc1.png Graphic file (type png)
<use cyc1.png>
Package pdftex.def Info: cyc1.png  used on input line 244.
(pdftex.def)             Requested size: 178.1181pt x 171.44305pt.
 [21

]
<alt1.png, id=608, 538.01pt x 480.79625pt>
File: alt1.png Graphic file (type png)
<use alt1.png>
Package pdftex.def Info: alt1.png  used on input line 256.
(pdftex.def)             Requested size: 188.30632pt x 168.2812pt.

Overfull \hbox (3.93053pt too wide) in paragraph at lines 256--256
[][]  
 []

[22

 <./alt1.png>]
<alt2.png, id=636, 530.98375pt x 444.66125pt>
File: alt2.png Graphic file (type png)
<use alt2.png>
Package pdftex.def Info: alt2.png  used on input line 267.
(pdftex.def)             Requested size: 185.84709pt x 155.63376pt.

Overfull \hbox (1.4713pt too wide) in paragraph at lines 267--267
[][]  
 []

[23

 <./alt2.png>]
<alt3.png, id=664, 525.965pt x 463.7325pt>
File: alt3.png Graphic file (type png)
<use alt3.png>
Package pdftex.def Info: alt3.png  used on input line 278.
(pdftex.def)             Requested size: 184.0905pt x 162.30879pt.
 [24

 <./alt3.png>]
<alt4.png, id=693, 523.9575pt x 450.68375pt>
File: alt4.png Graphic file (type png)
<use alt4.png>
Package pdftex.def Info: alt4.png  used on input line 287.
(pdftex.def)             Requested size: 183.38786pt x 157.74167pt.
 [25

 <./alt4.png>]
<pop1.png, id=722, 529.98pt x 510.90875pt>
File: pop1.png Graphic file (type png)
<use pop1.png>
Package pdftex.def Info: pop1.png  used on input line 296.
(pdftex.def)             Requested size: 185.49577pt x 178.82074pt.

Overfull \hbox (1.11998pt too wide) in paragraph at lines 296--296
[][]  
 []

[26

 <./pop1.png>]
File: pop1.png Graphic file (type png)
<use pop1.png>
Package pdftex.def Info: pop1.png  used on input line 307.
(pdftex.def)             Requested size: 185.49577pt x 178.82074pt.

Overfull \hbox (1.11998pt too wide) in paragraph at lines 307--307
[][]  
 []

[27

]
File: pop1.png Graphic file (type png)
<use pop1.png>
Package pdftex.def Info: pop1.png  used on input line 318.
(pdftex.def)             Requested size: 185.49577pt x 178.82074pt.

Overfull \hbox (1.11998pt too wide) in paragraph at lines 318--318
[][]  
 []

[28

]
File: pop1.png Graphic file (type png)
<use pop1.png>
Package pdftex.def Info: pop1.png  used on input line 329.
(pdftex.def)             Requested size: 185.49577pt x 178.82074pt.

Overfull \hbox (1.11998pt too wide) in paragraph at lines 329--329
[][]  
 []

[29

]
<pop2.png, id=829, 520.94624pt x 496.85625pt>
File: pop2.png Graphic file (type png)
<use pop2.png>
Package pdftex.def Info: pop2.png  used on input line 339.
(pdftex.def)             Requested size: 182.33391pt x 173.90228pt.
 [30

 <./pop2.png>]
File: pop2.png Graphic file (type png)
<use pop2.png>
Package pdftex.def Info: pop2.png  used on input line 350.
(pdftex.def)             Requested size: 182.33391pt x 173.90228pt.
 [31

]
<pop3.png, id=884, 533.995pt x 484.81125pt>
File: pop3.png Graphic file (type png)
<use pop3.png>
Package pdftex.def Info: pop3.png  used on input line 361.
(pdftex.def)             Requested size: 186.90105pt x 169.68648pt.

Overfull \hbox (2.52525pt too wide) in paragraph at lines 361--361
[][]  
 []

[32

 <./pop3.png>]
<pop4.png, id=913, 538.01pt x 509.905pt>
File: pop4.png Graphic file (type png)
<use pop4.png>
Package pdftex.def Info: pop4.png  used on input line 371.
(pdftex.def)             Requested size: 188.30632pt x 178.46942pt.

Overfull \hbox (3.93053pt too wide) in paragraph at lines 371--371
[][]  
 []

[33

 <./pop4.png>]
<pop5.png, id=941, 528.97626pt x 498.86375pt>
File: pop5.png Graphic file (type png)
<use pop5.png>
Package pdftex.def Info: pop5.png  used on input line 382.
(pdftex.def)             Requested size: 185.14445pt x 174.60492pt.

Overfull \hbox (0.76866pt too wide) in paragraph at lines 382--382
[][]  
 []

[34

 <./pop5.png>]
File: pop5.png Graphic file (type png)
<use pop5.png>
Package pdftex.def Info: pop5.png  used on input line 392.
(pdftex.def)             Requested size: 185.14445pt x 174.60492pt.

Overfull \hbox (0.76866pt too wide) in paragraph at lines 392--392
[][]  
 []

[35

]
<pop6.png, id=995, 508.90125pt x 474.77374pt>
File: pop6.png Graphic file (type png)
<use pop6.png>
Package pdftex.def Info: pop6.png  used on input line 406.
(pdftex.def)             Requested size: 178.1181pt x 166.1733pt.
 [36

 <./pop6.png>]
File: pop6.png Graphic file (type png)
<use pop6.png>
Package pdftex.def Info: pop6.png  used on input line 418.
(pdftex.def)             Requested size: 178.1181pt x 166.1733pt.
 [37

]
File: pop6.png Graphic file (type png)
<use pop6.png>
Package pdftex.def Info: pop6.png  used on input line 430.
(pdftex.def)             Requested size: 178.1181pt x 166.1733pt.
 [38

]
File: pop6.png Graphic file (type png)
<use pop6.png>
Package pdftex.def Info: pop6.png  used on input line 442.
(pdftex.def)             Requested size: 178.1181pt x 166.1733pt.
 [39

]
File: pop6.png Graphic file (type png)
<use pop6.png>
Package pdftex.def Info: pop6.png  used on input line 454.
(pdftex.def)             Requested size: 178.1181pt x 166.1733pt.
 [40

]
File: pop1.png Graphic file (type png)
<use pop1.png>
Package pdftex.def Info: pop1.png  used on input line 462.
(pdftex.def)             Requested size: 185.49577pt x 178.82074pt.

Overfull \hbox (1.11998pt too wide) in paragraph at lines 462--462
[][]  
 []

[41

]
File: pop1.png Graphic file (type png)
<use pop1.png>
Package pdftex.def Info: pop1.png  used on input line 473.
(pdftex.def)             Requested size: 185.49577pt x 178.82074pt.

Overfull \hbox (1.11998pt too wide) in paragraph at lines 473--473
[][]  
 []

[42

]
<pop7.png, id=1182, 174.71097pt x 176.81592pt>
File: pop7.png Graphic file (type png)
<use pop7.png>
Package pdftex.def Info: pop7.png  used on input line 482.
(pdftex.def)             Requested size: 174.71053pt x 176.81548pt.
 [43

 <./pop7.png>]
<pop8.png, id=1211, 561.09625pt x 465.74pt>
File: pop8.png Graphic file (type png)
<use pop8.png>
Package pdftex.def Info: pop8.png  used on input line 493.
(pdftex.def)             Requested size: 196.38663pt x 163.01143pt.

Overfull \hbox (12.01083pt too wide) in paragraph at lines 493--493
[][]  
 []

[44

 <./pop8.png>]
<pop9.png, id=1240, 578.16pt x 459.7175pt>
File: pop9.png Graphic file (type png)
<use pop9.png>
Package pdftex.def Info: pop9.png  used on input line 502.
(pdftex.def)             Requested size: 185.01497pt x 147.1126pt.

Overfull \hbox (0.63918pt too wide) in paragraph at lines 502--502
[][]  
 []

[45

 <./pop9.png>]
<pop10.png, id=1268, 576.1525pt x 472.76625pt>
File: pop10.png Graphic file (type png)
<use pop10.png>
Package pdftex.def Info: pop10.png  used on input line 511.
(pdftex.def)             Requested size: 184.37256pt x 151.28828pt.
 [46

 <./pop10.png>]
File: pop10.png Graphic file (type png)
<use pop10.png>
Package pdftex.def Info: pop10.png  used on input line 523.
(pdftex.def)             Requested size: 184.37256pt x 151.28828pt.
 [47

]
File: pop9.png Graphic file (type png)
<use pop9.png>
Package pdftex.def Info: pop9.png  used on input line 534.
(pdftex.def)             Requested size: 185.01497pt x 147.1126pt.

Overfull \hbox (0.63918pt too wide) in paragraph at lines 534--534
[][]  
 []

[48

]
<pop11.png, id=1349, 587.19376pt x 441.65pt>
File: pop11.png Graphic file (type png)
<use pop11.png>
Package pdftex.def Info: pop11.png  used on input line 542.
(pdftex.def)             Requested size: 187.90584pt x 141.33087pt.

Overfull \hbox (3.53004pt too wide) in paragraph at lines 542--542
[][]  
 []

[49

 <./pop11.png>]
<pop12.png, id=1378, 552.0625pt x 445.665pt>
File: pop12.png Graphic file (type png)
<use pop12.png>
Package pdftex.def Info: pop12.png  used on input line 552.
(pdftex.def)             Requested size: 176.6636pt x 142.6157pt.
 [50

 <./pop12.png>]
File: pop9.png Graphic file (type png)
<use pop9.png>
Package pdftex.def Info: pop9.png  used on input line 561.
(pdftex.def)             Requested size: 185.01497pt x 147.1126pt.

Overfull \hbox (0.63918pt too wide) in paragraph at lines 561--561
[][]  
 []

[51

]
File: pop9.png Graphic file (type png)
<use pop9.png>
Package pdftex.def Info: pop9.png  used on input line 573.
(pdftex.def)             Requested size: 185.01497pt x 147.1126pt.

Overfull \hbox (0.63918pt too wide) in paragraph at lines 573--573
[][]  
 []

[52

]
<pop13.png, id=1459, 562.1pt x 449.68pt>
File: pop13.png Graphic file (type png)
<use pop13.png>
Package pdftex.def Info: pop13.png  used on input line 581.
(pdftex.def)             Requested size: 179.87567pt x 143.90053pt.
 [53

 <./pop13.png>]
<pop14.png, id=1487, 577.15625pt x 447.6725pt>
File: pop14.png Graphic file (type png)
<use pop14.png>
Package pdftex.def Info: pop14.png  used on input line 592.
(pdftex.def)             Requested size: 184.69377pt x 143.25812pt.
 [54

 <./pop14.png>]
<pop15.png, id=1515, 395.4775pt x 420.57124pt>
File: pop15.png Graphic file (type png)
<use pop15.png>
Package pdftex.def Info: pop15.png  used on input line 600.
(pdftex.def)             Requested size: 158.18819pt x 168.22551pt.
 [55

 <./pop15.png>]
File: pop15.png Graphic file (type png)
<use pop15.png>
Package pdftex.def Info: pop15.png  used on input line 610.
(pdftex.def)             Requested size: 158.18819pt x 168.22551pt.
 [56

]
<euler1.png, id=1571, 531.9875pt x 464.73625pt>
File: euler1.png Graphic file (type png)
<use euler1.png>
Package pdftex.def Info: euler1.png  used on input line 618.
(pdftex.def)             Requested size: 212.79123pt x 185.8912pt.

Overfull \hbox (28.41544pt too wide) in paragraph at lines 618--618
[][]  
 []

[57

 <./euler1.png>]
File: euler1.png Graphic file (type png)
<use euler1.png>
Package pdftex.def Info: euler1.png  used on input line 629.
(pdftex.def)             Requested size: 212.79123pt x 185.8912pt.

Overfull \hbox (28.41544pt too wide) in paragraph at lines 629--629
[][]  
 []

[58

]
File: euler1.png Graphic file (type png)
<use euler1.png>
Package pdftex.def Info: euler1.png  used on input line 640.
(pdftex.def)             Requested size: 212.79123pt x 185.8912pt.

Overfull \hbox (28.41544pt too wide) in paragraph at lines 640--640
[][]  
 []

[59

]
<euler2.png, id=1651, 491.8375pt x 483.8075pt>
File: euler2.png Graphic file (type png)
<use euler2.png>
Package pdftex.def Info: euler2.png  used on input line 648.
(pdftex.def)             Requested size: 196.7315pt x 193.51956pt.

Overfull \hbox (12.35571pt too wide) in paragraph at lines 648--648
[][]  
 []

[60

 <./euler2.png>]
File: euler2.png Graphic file (type png)
<use euler2.png>
Package pdftex.def Info: euler2.png  used on input line 658.
(pdftex.def)             Requested size: 196.7315pt x 193.51956pt.

Overfull \hbox (12.35571pt too wide) in paragraph at lines 658--658
[][]  
 []

[61

]
<euler3.png, id=1707, 515.9275pt x 479.7925pt>
File: euler3.png Graphic file (type png)
<use euler3.png>
Package pdftex.def Info: euler3.png  used on input line 668.
(pdftex.def)             Requested size: 206.36734pt x 191.91359pt.

Overfull \hbox (21.99155pt too wide) in paragraph at lines 668--668
[][]  
 []

[62

 <./euler3.png>]
File: euler3.png Graphic file (type png)
<use euler3.png>
Package pdftex.def Info: euler3.png  used on input line 678.
(pdftex.def)             Requested size: 206.36734pt x 191.91359pt.

Overfull \hbox (21.99155pt too wide) in paragraph at lines 678--678
[][]  
 []

[63

]
File: euler3.png Graphic file (type png)
<use euler3.png>
Package pdftex.def Info: euler3.png  used on input line 692.
(pdftex.def)             Requested size: 206.36734pt x 191.91359pt.

Overfull \hbox (21.99155pt too wide) in paragraph at lines 692--692
[][]  
 []

[64

]
File: euler3.png Graphic file (type png)
<use euler3.png>
Package pdftex.def Info: euler3.png  used on input line 706.
(pdftex.def)             Requested size: 206.36734pt x 191.91359pt.

Overfull \hbox (21.99155pt too wide) in paragraph at lines 706--706
[][]  
 []

[65

]
File: euler3.png Graphic file (type png)
<use euler3.png>
Package pdftex.def Info: euler3.png  used on input line 720.
(pdftex.def)             Requested size: 206.36734pt x 191.91359pt.

Overfull \hbox (21.99155pt too wide) in paragraph at lines 720--720
[][]  
 []

[66

]
File: euler3.png Graphic file (type png)
<use euler3.png>
Package pdftex.def Info: euler3.png  used on input line 734.
(pdftex.def)             Requested size: 206.36734pt x 191.91359pt.

Overfull \hbox (21.99155pt too wide) in paragraph at lines 734--734
[][]  
 []

[67

]
<euler4.png, id=1867, 503.8825pt x 482.80376pt>
File: euler4.png Graphic file (type png)
<use euler4.png>
Package pdftex.def Info: euler4.png  used on input line 742.
(pdftex.def)             Requested size: 201.54942pt x 193.11807pt.

Overfull \hbox (17.17363pt too wide) in paragraph at lines 742--742
[][]  
 []

[68

 <./euler4.png>]
<euler5.png, id=1896, 513.92pt x 488.82625pt>
File: euler5.png Graphic file (type png)
<use euler5.png>
Package pdftex.def Info: euler5.png  used on input line 752.
(pdftex.def)             Requested size: 205.56435pt x 195.52702pt.

Overfull \hbox (21.18855pt too wide) in paragraph at lines 752--752
[][]  
 []

[69

 <./euler5.png>]
File: euler5.png Graphic file (type png)
<use euler5.png>
Package pdftex.def Info: euler5.png  used on input line 762.
(pdftex.def)             Requested size: 205.56435pt x 195.52702pt.

Overfull \hbox (21.18855pt too wide) in paragraph at lines 762--762
[][]  
 []

[70

]
File: euler5.png Graphic file (type png)
<use euler5.png>
Package pdftex.def Info: euler5.png  used on input line 775.
(pdftex.def)             Requested size: 205.56435pt x 195.52702pt.

Overfull \hbox (21.18855pt too wide) in paragraph at lines 775--775
[][]  
 []

[71

]
File: euler5.png Graphic file (type png)
<use euler5.png>
Package pdftex.def Info: euler5.png  used on input line 788.
(pdftex.def)             Requested size: 205.56435pt x 195.52702pt.

Overfull \hbox (21.18855pt too wide) in paragraph at lines 788--788
[][]  
 []

[72

]
File: euler1.png Graphic file (type png)
<use euler1.png>
Package pdftex.def Info: euler1.png  used on input line 798.
(pdftex.def)             Requested size: 212.79123pt x 185.8912pt.

Overfull \hbox (28.41544pt too wide) in paragraph at lines 798--798
[][]  
 []

[73

]
File: euler1.png Graphic file (type png)
<use euler1.png>
Package pdftex.def Info: euler1.png  used on input line 809.
(pdftex.def)             Requested size: 212.79123pt x 185.8912pt.

Overfull \hbox (28.41544pt too wide) in paragraph at lines 809--809
[][]  
 []

[74

]
File: euler1.png Graphic file (type png)
<use euler1.png>
Package pdftex.def Info: euler1.png  used on input line 820.
(pdftex.def)             Requested size: 212.79123pt x 185.8912pt.

Overfull \hbox (28.41544pt too wide) in paragraph at lines 820--820
[][]  
 []

[75

]
<ptol1.png, id=2082, 507.8975pt x 479.7925pt>
File: ptol1.png Graphic file (type png)
<use ptol1.png>
Package pdftex.def Info: ptol1.png  used on input line 831.
(pdftex.def)             Requested size: 203.1554pt x 191.91359pt.

Overfull \hbox (18.7796pt too wide) in paragraph at lines 831--831
[][]  
 []


Overfull \hbox (6.59177pt too wide) detected at line 831
\OT1/mathkerncmss/m/sl/10.95 AB \OMS/cmsy/m/n/10.95 ^^A \OT1/mathkerncmss/m/sl/
10.95 CD \OT1/cmss/m/n/10.95 + \OT1/mathkerncmss/m/sl/10.95 AD \OMS/cmsy/m/n/10
.95 ^^A \OT1/mathkerncmss/m/sl/10.95 BC \OT1/cmss/m/n/10.95 = \OT1/mathkerncmss
/m/sl/10.95 AC \OMS/cmsy/m/n/10.95 ^^A \OT1/mathkerncmss/m/sl/10.95 BD\OML/cmm/
m/it/10.95 :
 []

[76

 <./ptol1.png>]
<ptol2.png, id=2111, 567.11874pt x 521.95pt>
File: ptol2.png Graphic file (type png)
<use ptol2.png>
Package pdftex.def Info: ptol2.png  used on input line 845.
(pdftex.def)             Requested size: 198.49452pt x 182.68523pt.

Overfull \hbox (14.11873pt too wide) in paragraph at lines 845--845
[][]  
 []


Overfull \hbox (6.59177pt too wide) detected at line 845
\OT1/mathkerncmss/m/sl/10.95 AB \OMS/cmsy/m/n/10.95 ^^A \OT1/mathkerncmss/m/sl/
10.95 CD \OT1/cmss/m/n/10.95 + \OT1/mathkerncmss/m/sl/10.95 AD \OMS/cmsy/m/n/10
.95 ^^A \OT1/mathkerncmss/m/sl/10.95 BC \OT1/cmss/m/n/10.95 = \OT1/mathkerncmss
/m/sl/10.95 AC \OMS/cmsy/m/n/10.95 ^^A \OT1/mathkerncmss/m/sl/10.95 BD\OML/cmm/
m/it/10.95 :
 []

[77

 <./ptol2.png>]
File: ptol2.png Graphic file (type png)
<use ptol2.png>
Package pdftex.def Info: ptol2.png  used on input line 858.
(pdftex.def)             Requested size: 198.49452pt x 182.68523pt.

Overfull \hbox (14.11873pt too wide) in paragraph at lines 858--858
[][]  
 []


Overfull \hbox (6.59177pt too wide) detected at line 858
\OT1/mathkerncmss/m/sl/10.95 AB \OMS/cmsy/m/n/10.95 ^^A \OT1/mathkerncmss/m/sl/
10.95 CD \OT1/cmss/m/n/10.95 + \OT1/mathkerncmss/m/sl/10.95 AD \OMS/cmsy/m/n/10
.95 ^^A \OT1/mathkerncmss/m/sl/10.95 BC \OT1/cmss/m/n/10.95 = \OT1/mathkerncmss
/m/sl/10.95 AC \OMS/cmsy/m/n/10.95 ^^A \OT1/mathkerncmss/m/sl/10.95 BD\OML/cmm/
m/it/10.95 :
 []

[78

]
File: ptol2.png Graphic file (type png)
<use ptol2.png>
Package pdftex.def Info: ptol2.png  used on input line 875.
(pdftex.def)             Requested size: 198.49452pt x 182.68523pt.

Overfull \hbox (14.11873pt too wide) in paragraph at lines 875--875
[][]  
 []


Overfull \hbox (6.59177pt too wide) detected at line 875
\OT1/mathkerncmss/m/sl/10.95 AB \OMS/cmsy/m/n/10.95 ^^A \OT1/mathkerncmss/m/sl/
10.95 CD \OT1/cmss/m/n/10.95 + \OT1/mathkerncmss/m/sl/10.95 AD \OMS/cmsy/m/n/10
.95 ^^A \OT1/mathkerncmss/m/sl/10.95 BC \OT1/cmss/m/n/10.95 = \OT1/mathkerncmss
/m/sl/10.95 AC \OMS/cmsy/m/n/10.95 ^^A \OT1/mathkerncmss/m/sl/10.95 BD\OML/cmm/
m/it/10.95 :
 []

[79

]
File: ptol2.png Graphic file (type png)
<use ptol2.png>
Package pdftex.def Info: ptol2.png  used on input line 892.
(pdftex.def)             Requested size: 198.49452pt x 182.68523pt.

Overfull \hbox (14.11873pt too wide) in paragraph at lines 892--892
[][]  
 []


Overfull \hbox (6.59177pt too wide) detected at line 892
\OT1/mathkerncmss/m/sl/10.95 AB \OMS/cmsy/m/n/10.95 ^^A \OT1/mathkerncmss/m/sl/
10.95 CD \OT1/cmss/m/n/10.95 + \OT1/mathkerncmss/m/sl/10.95 AD \OMS/cmsy/m/n/10
.95 ^^A \OT1/mathkerncmss/m/sl/10.95 BC \OT1/cmss/m/n/10.95 = \OT1/mathkerncmss
/m/sl/10.95 AC \OMS/cmsy/m/n/10.95 ^^A \OT1/mathkerncmss/m/sl/10.95 BD\OML/cmm/
m/it/10.95 :
 []

[80

]
<ptol3.png, id=2219, 524.96124pt x 529.98pt>
File: ptol3.png Graphic file (type png)
<use ptol3.png>
Package pdftex.def Info: ptol3.png  used on input line 905.
(pdftex.def)             Requested size: 183.73918pt x 185.49577pt.

Overfull \hbox (6.59177pt too wide) detected at line 905
\OT1/mathkerncmss/m/sl/10.95 AB \OMS/cmsy/m/n/10.95 ^^A \OT1/mathkerncmss/m/sl/
10.95 CD \OT1/cmss/m/n/10.95 + \OT1/mathkerncmss/m/sl/10.95 AD \OMS/cmsy/m/n/10
.95 ^^A \OT1/mathkerncmss/m/sl/10.95 BC \OT1/cmss/m/n/10.95 = \OT1/mathkerncmss
/m/sl/10.95 AC \OMS/cmsy/m/n/10.95 ^^A \OT1/mathkerncmss/m/sl/10.95 BD\OML/cmm/
m/it/10.95 :
 []

[81

 <./ptol3.png>]
File: ptol3.png Graphic file (type png)
<use ptol3.png>
Package pdftex.def Info: ptol3.png  used on input line 922.
(pdftex.def)             Requested size: 183.73918pt x 185.49577pt.

Overfull \hbox (6.59177pt too wide) detected at line 922
\OT1/mathkerncmss/m/sl/10.95 AB \OMS/cmsy/m/n/10.95 ^^A \OT1/mathkerncmss/m/sl/
10.95 CD \OT1/cmss/m/n/10.95 + \OT1/mathkerncmss/m/sl/10.95 AD \OMS/cmsy/m/n/10
.95 ^^A \OT1/mathkerncmss/m/sl/10.95 BC \OT1/cmss/m/n/10.95 = \OT1/mathkerncmss
/m/sl/10.95 AC \OMS/cmsy/m/n/10.95 ^^A \OT1/mathkerncmss/m/sl/10.95 BD\OML/cmm/
m/it/10.95 :
 []

[82

]
File: ptol3.png Graphic file (type png)
<use ptol3.png>
Package pdftex.def Info: ptol3.png  used on input line 939.
(pdftex.def)             Requested size: 183.73918pt x 185.49577pt.

Overfull \hbox (6.59177pt too wide) detected at line 939
\OT1/mathkerncmss/m/sl/10.95 AB \OMS/cmsy/m/n/10.95 ^^A \OT1/mathkerncmss/m/sl/
10.95 CD \OT1/cmss/m/n/10.95 + \OT1/mathkerncmss/m/sl/10.95 AD \OMS/cmsy/m/n/10
.95 ^^A \OT1/mathkerncmss/m/sl/10.95 BC \OT1/cmss/m/n/10.95 = \OT1/mathkerncmss
/m/sl/10.95 AC \OMS/cmsy/m/n/10.95 ^^A \OT1/mathkerncmss/m/sl/10.95 BD\OML/cmm/
m/it/10.95 :
 []

[83

]
File: ptol2.png Graphic file (type png)
<use ptol2.png>
Package pdftex.def Info: ptol2.png  used on input line 956.
(pdftex.def)             Requested size: 198.49452pt x 182.68523pt.

Overfull \hbox (14.11873pt too wide) in paragraph at lines 956--956
[][]  
 []


Overfull \hbox (6.59177pt too wide) detected at line 956
\OT1/mathkerncmss/m/sl/10.95 AB \OMS/cmsy/m/n/10.95 ^^A \OT1/mathkerncmss/m/sl/
10.95 CD \OT1/cmss/m/n/10.95 + \OT1/mathkerncmss/m/sl/10.95 AD \OMS/cmsy/m/n/10
.95 ^^A \OT1/mathkerncmss/m/sl/10.95 BC \OT1/cmss/m/n/10.95 = \OT1/mathkerncmss
/m/sl/10.95 AC \OMS/cmsy/m/n/10.95 ^^A \OT1/mathkerncmss/m/sl/10.95 BD\OML/cmm/
m/it/10.95 :
 []

[84

]
File: ptol1.png Graphic file (type png)
<use ptol1.png>
Package pdftex.def Info: ptol1.png  used on input line 972.
(pdftex.def)             Requested size: 177.76678pt x 167.92987pt.

Overfull \hbox (6.59177pt too wide) detected at line 972
\OT1/mathkerncmss/m/sl/10.95 AB \OMS/cmsy/m/n/10.95 ^^A \OT1/mathkerncmss/m/sl/
10.95 CD \OT1/cmss/m/n/10.95 + \OT1/mathkerncmss/m/sl/10.95 AD \OMS/cmsy/m/n/10
.95 ^^A \OT1/mathkerncmss/m/sl/10.95 BC \OT1/cmss/m/n/10.95 = \OT1/mathkerncmss
/m/sl/10.95 AC \OMS/cmsy/m/n/10.95 ^^A \OT1/mathkerncmss/m/sl/10.95 BD\OML/cmm/
m/it/10.95 :
 []


Overfull \hbox (6.59177pt too wide) detected at line 972
\OT1/mathkerncmss/m/sl/10.95 AB \OMS/cmsy/m/n/10.95 ^^A \OT1/mathkerncmss/m/sl/
10.95 CD \OT1/cmss/m/n/10.95 + \OT1/mathkerncmss/m/sl/10.95 BC \OMS/cmsy/m/n/10
.95 ^^A \OT1/mathkerncmss/m/sl/10.95 AD \OT1/cmss/m/n/10.95 = \OT1/mathkerncmss
/m/sl/10.95 BD \OMS/cmsy/m/n/10.95 ^^A \OT1/mathkerncmss/m/sl/10.95 AC\OML/cmm/
m/it/10.95 :
 []

[85

]
File: ptol1.png Graphic file (type png)
<use ptol1.png>
Package pdftex.def Info: ptol1.png  used on input line 983.
(pdftex.def)             Requested size: 177.76678pt x 167.92987pt.

Overfull \hbox (6.59177pt too wide) detected at line 983
\OT1/mathkerncmss/m/sl/10.95 AB \OMS/cmsy/m/n/10.95 ^^A \OT1/mathkerncmss/m/sl/
10.95 CD \OT1/cmss/m/n/10.95 + \OT1/mathkerncmss/m/sl/10.95 AD \OMS/cmsy/m/n/10
.95 ^^A \OT1/mathkerncmss/m/sl/10.95 BC \OMS/cmsy/m/n/10.95 ^^U \OT1/mathkerncm
ss/m/sl/10.95 AC \OMS/cmsy/m/n/10.95 ^^A \OT1/mathkerncmss/m/sl/10.95 BD\OML/cm
m/m/it/10.95 :
 []

[86

]
File: ptol1.png Graphic file (type png)
<use ptol1.png>
Package pdftex.def Info: ptol1.png  used on input line 995.
(pdftex.def)             Requested size: 177.76678pt x 167.92987pt.

Overfull \hbox (6.59177pt too wide) detected at line 995
\OT1/mathkerncmss/m/sl/10.95 AB \OMS/cmsy/m/n/10.95 ^^A \OT1/mathkerncmss/m/sl/
10.95 CD \OT1/cmss/m/n/10.95 + \OT1/mathkerncmss/m/sl/10.95 AD \OMS/cmsy/m/n/10
.95 ^^A \OT1/mathkerncmss/m/sl/10.95 BC \OMS/cmsy/m/n/10.95 ^^U \OT1/mathkerncm
ss/m/sl/10.95 AC \OMS/cmsy/m/n/10.95 ^^A \OT1/mathkerncmss/m/sl/10.95 BD\OML/cm
m/m/it/10.95 :
 []

[87

]
<ptol4.png, id=2405, 452.69125pt x 484.81125pt>
File: ptol4.png Graphic file (type png)
<use ptol4.png>
Package pdftex.def Info: ptol4.png  used on input line 1006.
(pdftex.def)             Requested size: 158.4443pt x 169.68648pt.
 [88

 <./ptol4.png>]
File: ptol4.png Graphic file (type png)
<use ptol4.png>
Package pdftex.def Info: ptol4.png  used on input line 1022.
(pdftex.def)             Requested size: 158.4443pt x 169.68648pt.
 [89

]
File: ptol4.png Graphic file (type png)
<use ptol4.png>
Package pdftex.def Info: ptol4.png  used on input line 1038.
(pdftex.def)             Requested size: 158.4443pt x 169.68648pt.
 [90

] [91

] [92

] [93

]
\tf@nav=\write6
\openout6 = `lec.nav'.

\tf@toc=\write7
\openout7 = `lec.toc'.

\tf@snm=\write8
\openout8 = `lec.snm'.

Package atveryend Info: Empty hook `BeforeClearDocument' on input line 1059.
Package atveryend Info: Empty hook `AfterLastShipout' on input line 1059.
 (./lec.aux)
Package atveryend Info: Executing hook `AtVeryEndDocument' on input line 1059.
Package atveryend Info: Executing hook `AtEndAfterFileList' on input line 1059.

Package rerunfilecheck Info: File `lec.out' has not changed.
(rerunfilecheck)             Checksum: D41D8CD98F00B204E9800998ECF8427E;0.
 ) 
Here is how much of TeX's memory you used:
 33797 strings out of 492649
 788017 string characters out of 6129622
 986934 words of memory out of 5000000
 36792 multiletter control sequences out of 15000+600000
 12303 words of font info for 45 fonts, out of 8000000 for 9000
 1141 hyphenation exceptions out of 8191
 78i,16n,123p,770b,693s stack positions out of 5000i,500n,10000p,200000b,80000s
</usr/local/texlive/2018/texmf-dist/fonts/type1/public/amsfonts/cm/cmmi10.pfb
></usr/local/texlive/2018/texmf-dist/fonts/type1/public/amsfonts/cm/cmss10.pfb>
</usr/local/texlive/2018/texmf-dist/fonts/type1/public/amsfonts/cm/cmss12.pfb><
/usr/local/texlive/2018/texmf-dist/fonts/type1/public/amsfonts/cm/cmss17.pfb></
usr/local/texlive/2018/texmf-dist/fonts/type1/public/amsfonts/cm/cmss8.pfb></us
r/local/texlive/2018/texmf-dist/fonts/type1/public/amsfonts/cm/cmssbx10.pfb></u
sr/local/texlive/2018/texmf-dist/fonts/type1/public/amsfonts/cm/cmssi10.pfb></u
sr/local/texlive/2018/texmf-dist/fonts/type1/public/amsfonts/cm/cmsy10.pfb></us
r/local/texlive/2018/texmf-dist/fonts/type1/public/amsfonts/cm/cmsy8.pfb></usr/
local/texlive/2018/texmf-dist/fonts/type1/public/amsfonts/symbols/msam10.pfb></
usr/local/texlive/2018/texmf-dist/fonts/type1/public/tipa/tipass10.pfb>
Output written on lec.pdf (93 pages, 957453 bytes).
PDF statistics:
 2645 PDF objects out of 2984 (max. 8388607)
 2431 compressed objects within 25 object streams
 187 named destinations out of 1000 (max. 500000)
 254 words of extra memory for PDF output out of 10000 (max. 10000000)

